Using pre-set license
Built from '2022.3/staging' branch; Version is '2022.3.19f1 (244b723c30a6) revision 2378610'; Using compiler version '192829333'; Build Type 'Release'
OS: 'Windows 11  (10.0.22631) 64bit Core' Language: 'en' Physical Memory: 32467 MB
BatchMode: 1, IsHumanControllingUs: 0, StartBugReporterOnCrash: 0, Is64bit: 1, IsPro: 1

COMMAND LINE ARGUMENTS:
C:\Program Files\Unity\Hub\Editor\2022.3.19f1\Editor\Unity.exe
-adb2
-batchMode
-noUpm
-name
AssetImportWorker10
-projectPath
C:/Users/camer/Documents/GitHub/TestKeel/Keelhaul_Repo/KeelHaul_Project
-logFile
Logs/AssetImportWorker10.log
-srvPort
50014
Successfully changed project path to: C:/Users/camer/Documents/GitHub/TestKeel/Keelhaul_Repo/KeelHaul_Project
C:/Users/camer/Documents/GitHub/TestKeel/Keelhaul_Repo/KeelHaul_Project
[UnityMemory] Configuration Parameters - Can be set up in boot.config
    "memorysetup-bucket-allocator-granularity=16"
    "memorysetup-bucket-allocator-bucket-count=8"
    "memorysetup-bucket-allocator-block-size=33554432"
    "memorysetup-bucket-allocator-block-count=8"
    "memorysetup-main-allocator-block-size=16777216"
    "memorysetup-thread-allocator-block-size=16777216"
    "memorysetup-gfx-main-allocator-block-size=16777216"
    "memorysetup-gfx-thread-allocator-block-size=16777216"
    "memorysetup-cache-allocator-block-size=4194304"
    "memorysetup-typetree-allocator-block-size=2097152"
    "memorysetup-profiler-bucket-allocator-granularity=16"
    "memorysetup-profiler-bucket-allocator-bucket-count=8"
    "memorysetup-profiler-bucket-allocator-block-size=33554432"
    "memorysetup-profiler-bucket-allocator-block-count=8"
    "memorysetup-profiler-allocator-block-size=16777216"
    "memorysetup-profiler-editor-allocator-block-size=1048576"
    "memorysetup-temp-allocator-size-main=16777216"
    "memorysetup-job-temp-allocator-block-size=2097152"
    "memorysetup-job-temp-allocator-block-size-background=1048576"
    "memorysetup-job-temp-allocator-reduction-small-platforms=262144"
    "memorysetup-allocator-temp-initial-block-size-main=262144"
    "memorysetup-allocator-temp-initial-block-size-worker=262144"
    "memorysetup-temp-allocator-size-background-worker=32768"
    "memorysetup-temp-allocator-size-job-worker=262144"
    "memorysetup-temp-allocator-size-preload-manager=33554432"
    "memorysetup-temp-allocator-size-nav-mesh-worker=65536"
    "memorysetup-temp-allocator-size-audio-worker=65536"
    "memorysetup-temp-allocator-size-cloud-worker=32768"
    "memorysetup-temp-allocator-size-gi-baking-worker=262144"
    "memorysetup-temp-allocator-size-gfx=262144"
Player connection [20888] Host "[IP] 129.21.78.243 [Port] 0 [Flags] 2 [Guid] 155398250 [EditorId] 155398250 [Version] 1048832 [Id] WindowsEditor(7,CameronGaidysLaptop) [Debug] 1 [PackageName] WindowsEditor [ProjectName] Editor" joined multi-casting on [225.0.0.222:54997]...

Player connection [20888] Host "[IP] 129.21.78.243 [Port] 0 [Flags] 2 [Guid] 155398250 [EditorId] 155398250 [Version] 1048832 [Id] WindowsEditor(7,CameronGaidysLaptop) [Debug] 1 [PackageName] WindowsEditor [ProjectName] Editor" joined alternative multi-casting on [225.0.0.222:34997]...

[Physics::Module] Initialized MultithreadedJobDispatcher with 15 workers.
Refreshing native plugins compatible for Editor in 13.10 ms, found 3 plugins.
Preloading 0 native plugins for Editor in 0.00 ms.
Initialize engine version: 2022.3.19f1 (244b723c30a6)
[Subsystems] Discovering subsystems at path C:/Program Files/Unity/Hub/Editor/2022.3.19f1/Editor/Data/Resources/UnitySubsystems
[Subsystems] Discovering subsystems at path C:/Users/camer/Documents/GitHub/TestKeel/Keelhaul_Repo/KeelHaul_Project/Assets
GfxDevice: creating device client; threaded=0; jobified=0
Direct3D:
    Version:  Direct3D 11.0 [level 11.1]
    Renderer: Intel(R) UHD Graphics (ID=0x9a60)
    Vendor:   Intel
    VRAM:     16233 MB
    Driver:   30.0.101.1340
Initialize mono
Mono path[0] = 'C:/Program Files/Unity/Hub/Editor/2022.3.19f1/Editor/Data/Managed'
Mono path[1] = 'C:/Program Files/Unity/Hub/Editor/2022.3.19f1/Editor/Data/MonoBleedingEdge/lib/mono/unityjit-win32'
Mono config path = 'C:/Program Files/Unity/Hub/Editor/2022.3.19f1/Editor/Data/MonoBleedingEdge/etc'
Using monoOptions --debugger-agent=transport=dt_socket,embedding=1,server=y,suspend=n,address=127.0.0.1:56468
Begin MonoManager ReloadAssembly
Registering precompiled unity dll's ...
Register platform support module: C:/Program Files/Unity/Hub/Editor/2022.3.19f1/Editor/Data/PlaybackEngines/WebGLSupport/UnityEditor.WebGL.Extensions.dll
Register platform support module: C:/Program Files/Unity/Hub/Editor/2022.3.19f1/Editor/Data/PlaybackEngines/WindowsStandaloneSupport/UnityEditor.WindowsStandalone.Extensions.dll
Register platform support module: C:/Program Files/Unity/Hub/Editor/2022.3.19f1/Editor/Data/PlaybackEngines/MetroSupport/UnityEditor.UWP.Extensions.dll
Registered in 0.014240 seconds.
- Loaded All Assemblies, in  0.556 seconds
Native extension for UWP target not found
Native extension for WindowsStandalone target not found
Native extension for WebGL target not found
Mono: successfully reloaded assembly
- Finished resetting the current domain, in  0.355 seconds
Domain Reload Profiling: 908ms
	BeginReloadAssembly (225ms)
		ExecutionOrderSort (0ms)
		DisableScriptedObjects (0ms)
		BackupInstance (0ms)
		ReleaseScriptingObjects (0ms)
		CreateAndSetChildDomain (1ms)
	RebuildCommonClasses (44ms)
	RebuildNativeTypeToScriptingClass (14ms)
	initialDomainReloadingComplete (75ms)
	LoadAllAssembliesAndSetupDomain (196ms)
		LoadAssemblies (221ms)
		RebuildTransferFunctionScriptingTraits (0ms)
		AnalyzeDomain (193ms)
			TypeCache.Refresh (189ms)
				TypeCache.ScanAssembly (170ms)
			ScanForSourceGeneratedMonoScriptInfo (1ms)
			ResolveRequiredComponents (1ms)
	FinalizeReload (355ms)
		ReleaseScriptCaches (0ms)
		RebuildScriptCaches (0ms)
		SetupLoadedEditorAssemblies (279ms)
			LogAssemblyErrors (0ms)
			InitializePlatformSupportModulesInManaged (15ms)
			SetLoadedEditorAssemblies (9ms)
			RefreshPlugins (0ms)
			BeforeProcessingInitializeOnLoad (3ms)
			ProcessInitializeOnLoadAttributes (174ms)
			ProcessInitializeOnLoadMethodAttributes (77ms)
			AfterProcessingInitializeOnLoad (0ms)
			EditorAssembliesLoaded (0ms)
		ExecutionOrderSort2 (0ms)
		AwakeInstancesAfterBackupRestoration (0ms)
========================================================================
Worker process is ready to serve import requests
Begin MonoManager ReloadAssembly
- Loaded All Assemblies, in  0.969 seconds
Refreshing native plugins compatible for Editor in 3.28 ms, found 3 plugins.
Native extension for UWP target not found
Native extension for WindowsStandalone target not found
Native extension for WebGL target not found
Package Manager log level set to [2]
[Package Manager] Server::EnsureServerProcessIsRunning -- launch failed, reason: Unity was launched with the -noUpm command-line argument
[Package Manager] UpmClient::Send -- Unable to send message (not connected to UPM process).
[Package Manager] Cannot connect to Unity Package Manager local server
Mono: successfully reloaded assembly
- Finished resetting the current domain, in  1.000 seconds
Domain Reload Profiling: 1964ms
	BeginReloadAssembly (192ms)
		ExecutionOrderSort (0ms)
		DisableScriptedObjects (6ms)
		BackupInstance (0ms)
		ReleaseScriptingObjects (0ms)
		CreateAndSetChildDomain (24ms)
	RebuildCommonClasses (42ms)
	RebuildNativeTypeToScriptingClass (11ms)
	initialDomainReloadingComplete (60ms)
	LoadAllAssembliesAndSetupDomain (657ms)
		LoadAssemblies (493ms)
		RebuildTransferFunctionScriptingTraits (0ms)
		AnalyzeDomain (281ms)
			TypeCache.Refresh (250ms)
				TypeCache.ScanAssembly (229ms)
			ScanForSourceGeneratedMonoScriptInfo (25ms)
			ResolveRequiredComponents (5ms)
	FinalizeReload (1001ms)
		ReleaseScriptCaches (0ms)
		RebuildScriptCaches (0ms)
		SetupLoadedEditorAssemblies (778ms)
			LogAssemblyErrors (0ms)
			InitializePlatformSupportModulesInManaged (10ms)
			SetLoadedEditorAssemblies (7ms)
			RefreshPlugins (0ms)
			BeforeProcessingInitializeOnLoad (68ms)
			ProcessInitializeOnLoadAttributes (644ms)
			ProcessInitializeOnLoadMethodAttributes (38ms)
			AfterProcessingInitializeOnLoad (10ms)
			EditorAssembliesLoaded (0ms)
		ExecutionOrderSort2 (0ms)
		AwakeInstancesAfterBackupRestoration (7ms)
Launched and connected shader compiler UnityShaderCompiler.exe after 0.09 seconds
Refreshing native plugins compatible for Editor in 6.65 ms, found 3 plugins.
Preloading 0 native plugins for Editor in 0.00 ms.
Unloading 3230 Unused Serialized files (Serialized files now loaded: 0)
Unloading 36 unused Assets / (346.7 KB). Loaded Objects now: 3712.
Memory consumption went from 158.8 MB to 158.5 MB.
Total: 5.788800 ms (FindLiveObjects: 0.546800 ms CreateObjectMapping: 0.337600 ms MarkObjects: 4.669900 ms  DeleteObjects: 0.232800 ms)

AssetImportParameters requested are different than current active one (requested -> active):
  custom:container-demuxer-ogg: 62fdf1f143b41e24485cea50d1cbac27 -> 
  custom:video-codec-MediaFoundation-h265: e54d7ab0439102e2317fc1e4b246158d -> 
  custom:video-decoder-ogg-theora: a1e56fd34408186e4bbccfd4996cb3dc -> 
  custom:framework-win-MediaFoundation: 216162199b28c13a410421893ffa2e32 -> 
  custom:CustomObjectIndexerAttribute: 6d391050e5a25f67b0a2c618074f2cd9 -> 
  custom:container-demuxer-webm: 4f35f7cbe854078d1ac9338744f61a02 -> 
  custom:container-muxer-webm: aa71ff27fc2769a1b78a27578f13a17b -> 
  custom:video-decoder-webm-vp8: 9c59270c3fd7afecdb556c50c9e8de78 -> 
  custom:SearchIndexIgnoredProperties: e643bd26f0fe6173181afceb89e7c659 -> 
  custom:AudioImporter_EditorPlatform: d09bf68614088b80899f8185d706f6e7 -> 
  custom:video-encoder-webm-vp8: eb34c28f22e8b96e1ab97ce403110664 -> 
  custom:audio-decoder-ogg-vorbis: bf7c407c2cedff20999df2af8eb42d56 -> 
  custom:audio-encoder-webm-vorbis: bf7c407c2cedff20999df2af8eb42d56 -> 
========================================================================
Received Import Request.
  Time since last request: 1043.717880 seconds.
  path: Assets/Stylized Pirate Asset Set/Art Assets/Environments/Building/Shop_Piece_Mesh.fbx
  artifactKey: Guid(f8c0ee0be7cb0d8468444418b62fe30b) Importer(815301076,1909f56bfc062723c751e8b465ee728b)
Start importing Assets/Stylized Pirate Asset Set/Art Assets/Environments/Building/Shop_Piece_Mesh.fbx using Guid(f8c0ee0be7cb0d8468444418b62fe30b) Importer(815301076,1909f56bfc062723c751e8b465ee728b)  -> (artifact id: '1f27a676af9be7dc8af71f6756bad79e') in 0.909590 seconds
Number of updated asset objects reloaded before import = 0
Number of asset objects unloaded after import = 581
========================================================================
Received Import Request.
  Time since last request: 31.478983 seconds.
  path: Assets/Stylized Pirate Asset Set/Art Assets/Items/Compass/5_item_low_Compass_Normal.png
  artifactKey: Guid(434f3b92047cef04fa5b47f21df2de9d) Importer(815301076,1909f56bfc062723c751e8b465ee728b)
Start importing Assets/Stylized Pirate Asset Set/Art Assets/Items/Compass/5_item_low_Compass_Normal.png using Guid(434f3b92047cef04fa5b47f21df2de9d) Importer(815301076,1909f56bfc062723c751e8b465ee728b)  -> (artifact id: '6c8739d4bb3ff3072b0c195d71ed981e') in 0.049678 seconds
Number of updated asset objects reloaded before import = 0
Number of asset objects unloaded after import = 2
========================================================================
Received Import Request.
  Time since last request: 1.493536 seconds.
  path: Assets/Stylized Pirate Asset Set/Art Assets/Items/Hand Base/Arm_base_shd_Normal.png
  artifactKey: Guid(93cd4601455c8eb4bb13dcc98dff515f) Importer(815301076,1909f56bfc062723c751e8b465ee728b)
Start importing Assets/Stylized Pirate Asset Set/Art Assets/Items/Hand Base/Arm_base_shd_Normal.png using Guid(93cd4601455c8eb4bb13dcc98dff515f) Importer(815301076,1909f56bfc062723c751e8b465ee728b)  -> (artifact id: '5a570f8a2c96c81dc0748a09150af6a2') in 0.145204 seconds
Number of updated asset objects reloaded before import = 0
Number of asset objects unloaded after import = 2
========================================================================
Received Import Request.
  Time since last request: 1.822042 seconds.
  path: Assets/#NVJOB Water Shaders V2/Example Scenes/Environment/#NVJOB Assets/Dynamic Sky (For Demo)/Materials/Clouds A0.png
  artifactKey: Guid(8195cab4d1184691bfde14fff01aa110) Importer(815301076,1909f56bfc062723c751e8b465ee728b)
Start importing Assets/#NVJOB Water Shaders V2/Example Scenes/Environment/#NVJOB Assets/Dynamic Sky (For Demo)/Materials/Clouds A0.png using Guid(8195cab4d1184691bfde14fff01aa110) Importer(815301076,1909f56bfc062723c751e8b465ee728b)  -> (artifact id: '3ecd9f58218394cc1ea9fe4770a467cf') in 0.039373 seconds
Number of updated asset objects reloaded before import = 0
Number of asset objects unloaded after import = 2
========================================================================
Received Import Request.
  Time since last request: 1.035493 seconds.
  path: Assets/Stylized Pirate Asset Set/Art Assets/Environments/Balcony/d_Pillars_Normal.png
  artifactKey: Guid(c88f5f2513abfea4c900372c1c7f481d) Importer(815301076,1909f56bfc062723c751e8b465ee728b)
Start importing Assets/Stylized Pirate Asset Set/Art Assets/Environments/Balcony/d_Pillars_Normal.png using Guid(c88f5f2513abfea4c900372c1c7f481d) Importer(815301076,1909f56bfc062723c751e8b465ee728b)  -> (artifact id: '04d83eed32cfff01573814cb764318aa') in 0.026818 seconds
Number of updated asset objects reloaded before import = 0
Number of asset objects unloaded after import = 2
========================================================================
Received Import Request.
  Time since last request: 0.010066 seconds.
  path: Assets/Stylized Pirate Asset Set/Art Assets/Environments/Building/Door/door_Door_MaskMap.png
  artifactKey: Guid(84d406581aa7d764eb8c9b8b4653bd7c) Importer(815301076,1909f56bfc062723c751e8b465ee728b)
Start importing Assets/Stylized Pirate Asset Set/Art Assets/Environments/Building/Door/door_Door_MaskMap.png using Guid(84d406581aa7d764eb8c9b8b4653bd7c) Importer(815301076,1909f56bfc062723c751e8b465ee728b)  -> (artifact id: '0c8c59cacebcf5c9bec24ec75d5b6c06') in 0.024364 seconds
Number of updated asset objects reloaded before import = 0
Number of asset objects unloaded after import = 2
========================================================================
Received Prepare
Begin MonoManager ReloadAssembly
- Loaded All Assemblies, in  0.532 seconds
Refreshing native plugins compatible for Editor in 3.91 ms, found 3 plugins.
Native extension for UWP target not found
Native extension for WindowsStandalone target not found
Native extension for WebGL target not found
[Package Manager] Server::EnsureServerProcessIsRunning -- launch failed, reason: Unity was launched with the -noUpm command-line argument
[Package Manager] UpmClient::Send -- Unable to send message (not connected to UPM process).
[Package Manager] Cannot connect to Unity Package Manager local server
Mono: successfully reloaded assembly
- Finished resetting the current domain, in  1.298 seconds
Domain Reload Profiling: 1827ms
	BeginReloadAssembly (187ms)
		ExecutionOrderSort (0ms)
		DisableScriptedObjects (5ms)
		BackupInstance (0ms)
		ReleaseScriptingObjects (0ms)
		CreateAndSetChildDomain (44ms)
	RebuildCommonClasses (41ms)
	RebuildNativeTypeToScriptingClass (19ms)
	initialDomainReloadingComplete (36ms)
	LoadAllAssembliesAndSetupDomain (246ms)
		LoadAssemblies (333ms)
		RebuildTransferFunctionScriptingTraits (0ms)
		AnalyzeDomain (14ms)
			TypeCache.Refresh (7ms)
				TypeCache.ScanAssembly (0ms)
			ScanForSourceGeneratedMonoScriptInfo (0ms)
			ResolveRequiredComponents (5ms)
	FinalizeReload (1298ms)
		ReleaseScriptCaches (0ms)
		RebuildScriptCaches (0ms)
		SetupLoadedEditorAssemblies (702ms)
			LogAssemblyErrors (0ms)
			InitializePlatformSupportModulesInManaged (9ms)
			SetLoadedEditorAssemblies (5ms)
			RefreshPlugins (0ms)
			BeforeProcessingInitializeOnLoad (72ms)
			ProcessInitializeOnLoadAttributes (584ms)
			ProcessInitializeOnLoadMethodAttributes (21ms)
			AfterProcessingInitializeOnLoad (9ms)
			EditorAssembliesLoaded (0ms)
		ExecutionOrderSort2 (0ms)
		AwakeInstancesAfterBackupRestoration (7ms)
Refreshing native plugins compatible for Editor in 6.01 ms, found 3 plugins.
Preloading 0 native plugins for Editor in 0.00 ms.
Unloading 3195 Unused Serialized files (Serialized files now loaded: 0)
Unloading 27 unused Assets / (318.4 KB). Loaded Objects now: 3762.
Memory consumption went from 157.8 MB to 157.5 MB.
Total: 5.438000 ms (FindLiveObjects: 0.527800 ms CreateObjectMapping: 0.216500 ms MarkObjects: 4.543700 ms  DeleteObjects: 0.148700 ms)

Prepare: number of updated asset objects reloaded= 0
AssetImportParameters requested are different than current active one (requested -> active):
  custom:container-demuxer-ogg: 62fdf1f143b41e24485cea50d1cbac27 -> 
  custom:video-codec-MediaFoundation-h265: e54d7ab0439102e2317fc1e4b246158d -> 
  custom:video-decoder-ogg-theora: a1e56fd34408186e4bbccfd4996cb3dc -> 
  custom:framework-win-MediaFoundation: 216162199b28c13a410421893ffa2e32 -> 
  custom:CustomObjectIndexerAttribute: 6d391050e5a25f67b0a2c618074f2cd9 -> 
  custom:container-demuxer-webm: 4f35f7cbe854078d1ac9338744f61a02 -> 
  custom:container-muxer-webm: aa71ff27fc2769a1b78a27578f13a17b -> 
  custom:video-decoder-webm-vp8: 9c59270c3fd7afecdb556c50c9e8de78 -> 
  custom:SearchIndexIgnoredProperties: e643bd26f0fe6173181afceb89e7c659 -> 
  custom:AudioImporter_EditorPlatform: d09bf68614088b80899f8185d706f6e7 -> 
  custom:video-encoder-webm-vp8: eb34c28f22e8b96e1ab97ce403110664 -> 
  custom:audio-decoder-ogg-vorbis: bf7c407c2cedff20999df2af8eb42d56 -> 
  custom:audio-encoder-webm-vorbis: bf7c407c2cedff20999df2af8eb42d56 -> 
========================================================================
Received Import Request.
  Time since last request: 272.676416 seconds.
  path: Assets/#NVJOB Water Shaders V2/Example Scenes/PostProcessing/Utilities/CustomMotionTexture/CustomMotionVectorDebugProfile.asset
  artifactKey: Guid(eabde4840de046938dbb4f91c1d83fd7) Importer(815301076,1909f56bfc062723c751e8b465ee728b)
Start importing Assets/#NVJOB Water Shaders V2/Example Scenes/PostProcessing/Utilities/CustomMotionTexture/CustomMotionVectorDebugProfile.asset using Guid(eabde4840de046938dbb4f91c1d83fd7) Importer(815301076,1909f56bfc062723c751e8b465ee728b)  -> (artifact id: '3e8db62b279c55141d2c7694af36fbf2') in 0.027564 seconds
Number of updated asset objects reloaded before import = 0
Number of asset objects unloaded after import = 1
========================================================================
Received Import Request.
  Time since last request: 0.000018 seconds.
  path: Assets/#NVJOB Water Shaders V2/Example Scenes/PostProcessing/Resources/Shaders/EyeHistogram.compute
  artifactKey: Guid(7a579569b6304a089413874406f62ce5) Importer(815301076,1909f56bfc062723c751e8b465ee728b)
Start importing Assets/#NVJOB Water Shaders V2/Example Scenes/PostProcessing/Resources/Shaders/EyeHistogram.compute using Guid(7a579569b6304a089413874406f62ce5) Importer(815301076,1909f56bfc062723c751e8b465ee728b)  -> (artifact id: 'c7ef11258d3e9645ddb8b1333d3b61a5') in 0.001777 seconds
Number of updated asset objects reloaded before import = 0
Number of asset objects unloaded after import = 1
========================================================================
Received Import Request.
  Time since last request: 0.000017 seconds.
  path: Assets/WoodsLifestyle/Prefabs/Miscellaneous/SignPost_Custom_01.prefab
  artifactKey: Guid(e4423bd1896b33e41ae72acb0cff70c4) Importer(815301076,1909f56bfc062723c751e8b465ee728b)
Start importing Assets/WoodsLifestyle/Prefabs/Miscellaneous/SignPost_Custom_01.prefab using Guid(e4423bd1896b33e41ae72acb0cff70c4) Importer(815301076,1909f56bfc062723c751e8b465ee728b)  -> (artifact id: '10c7412a5debc3ea3d5fb99879a3108d') in 0.106482 seconds
Number of updated asset objects reloaded before import = 0
Number of asset objects unloaded after import = 29
========================================================================
Received Import Request.
  Time since last request: 0.000021 seconds.
  path: Assets/Invector-3rdPersonController_LITE/3D Models/Characters/Invector@V-Bot 2.0/Prefab/VBOT2.0_Custom.prefab
  artifactKey: Guid(5563b2c1cf35cae4f8490dfea2d2aa41) Importer(815301076,1909f56bfc062723c751e8b465ee728b)
Start importing Assets/Invector-3rdPersonController_LITE/3D Models/Characters/Invector@V-Bot 2.0/Prefab/VBOT2.0_Custom.prefab using Guid(5563b2c1cf35cae4f8490dfea2d2aa41) Importer(815301076,1909f56bfc062723c751e8b465ee728b)  -> (artifact id: 'ef2a8af18b8370bad5b77426afe93def') in 0.174892 seconds
Number of updated asset objects reloaded before import = 0
Number of asset objects unloaded after import = 248
Editor requested this worker to shutdown with reason: Scaling down because of idle timeout
TcpMessagingSession - receive error: operation aborted. errorcode: 995, details: The I/O operation has been aborted because of either a thread exit or an application request.
AssetImportWorker is now disconnected from the server
Process exiting
Exiting without the bug reporter. Application will terminate with return code 0