Using pre-set license
Built from '2022.3/staging' branch; Version is '2022.3.19f1 (244b723c30a6) revision 2378610'; Using compiler version '192829333'; Build Type 'Release'
OS: 'Windows 11  (10.0.22631) 64bit Core' Language: 'en' Physical Memory: 32467 MB
BatchMode: 1, IsHumanControllingUs: 0, StartBugReporterOnCrash: 0, Is64bit: 1, IsPro: 1

COMMAND LINE ARGUMENTS:
C:\Program Files\Unity\Hub\Editor\2022.3.19f1\Editor\Unity.exe
-adb2
-batchMode
-noUpm
-name
AssetImportWorker8
-projectPath
C:/Users/camer/Documents/GitHub/TestKeel/Keelhaul_Repo/KeelHaul_Project
-logFile
Logs/AssetImportWorker8.log
-srvPort
53970
Successfully changed project path to: C:/Users/camer/Documents/GitHub/TestKeel/Keelhaul_Repo/KeelHaul_Project
C:/Users/camer/Documents/GitHub/TestKeel/Keelhaul_Repo/KeelHaul_Project
[UnityMemory] Configuration Parameters - Can be set up in boot.config
    "memorysetup-bucket-allocator-granularity=16"
    "memorysetup-bucket-allocator-bucket-count=8"
    "memorysetup-bucket-allocator-block-size=33554432"
    "memorysetup-bucket-allocator-block-count=8"
    "memorysetup-main-allocator-block-size=16777216"
    "memorysetup-thread-allocator-block-size=16777216"
    "memorysetup-gfx-main-allocator-block-size=16777216"
    "memorysetup-gfx-thread-allocator-block-size=16777216"
    "memorysetup-cache-allocator-block-size=4194304"
    "memorysetup-typetree-allocator-block-size=2097152"
    "memorysetup-profiler-bucket-allocator-granularity=16"
    "memorysetup-profiler-bucket-allocator-bucket-count=8"
    "memorysetup-profiler-bucket-allocator-block-size=33554432"
    "memorysetup-profiler-bucket-allocator-block-count=8"
    "memorysetup-profiler-allocator-block-size=16777216"
    "memorysetup-profiler-editor-allocator-block-size=1048576"
    "memorysetup-temp-allocator-size-main=16777216"
    "memorysetup-job-temp-allocator-block-size=2097152"
    "memorysetup-job-temp-allocator-block-size-background=1048576"
    "memorysetup-job-temp-allocator-reduction-small-platforms=262144"
    "memorysetup-allocator-temp-initial-block-size-main=262144"
    "memorysetup-allocator-temp-initial-block-size-worker=262144"
    "memorysetup-temp-allocator-size-background-worker=32768"
    "memorysetup-temp-allocator-size-job-worker=262144"
    "memorysetup-temp-allocator-size-preload-manager=33554432"
    "memorysetup-temp-allocator-size-nav-mesh-worker=65536"
    "memorysetup-temp-allocator-size-audio-worker=65536"
    "memorysetup-temp-allocator-size-cloud-worker=32768"
    "memorysetup-temp-allocator-size-gi-baking-worker=262144"
    "memorysetup-temp-allocator-size-gfx=262144"
Player connection [32212] Host "[IP] 129.21.78.243 [Port] 0 [Flags] 2 [Guid] 2183632193 [EditorId] 2183632193 [Version] 1048832 [Id] WindowsEditor(7,CameronGaidysLaptop) [Debug] 1 [PackageName] WindowsEditor [ProjectName] Editor" joined multi-casting on [225.0.0.222:54997]...

Player connection [32212] Host "[IP] 129.21.78.243 [Port] 0 [Flags] 2 [Guid] 2183632193 [EditorId] 2183632193 [Version] 1048832 [Id] WindowsEditor(7,CameronGaidysLaptop) [Debug] 1 [PackageName] WindowsEditor [ProjectName] Editor" joined alternative multi-casting on [225.0.0.222:34997]...

[Physics::Module] Initialized MultithreadedJobDispatcher with 15 workers.
Refreshing native plugins compatible for Editor in 12.42 ms, found 3 plugins.
Preloading 0 native plugins for Editor in 0.00 ms.
Initialize engine version: 2022.3.19f1 (244b723c30a6)
[Subsystems] Discovering subsystems at path C:/Program Files/Unity/Hub/Editor/2022.3.19f1/Editor/Data/Resources/UnitySubsystems
[Subsystems] Discovering subsystems at path C:/Users/camer/Documents/GitHub/TestKeel/Keelhaul_Repo/KeelHaul_Project/Assets
GfxDevice: creating device client; threaded=0; jobified=0
Direct3D:
    Version:  Direct3D 11.0 [level 11.1]
    Renderer: NVIDIA GeForce RTX 3080 Laptop GPU (ID=0x249c)
    Vendor:   NVIDIA
    VRAM:     16177 MB
    Driver:   31.0.15.5161
Initialize mono
Mono path[0] = 'C:/Program Files/Unity/Hub/Editor/2022.3.19f1/Editor/Data/Managed'
Mono path[1] = 'C:/Program Files/Unity/Hub/Editor/2022.3.19f1/Editor/Data/MonoBleedingEdge/lib/mono/unityjit-win32'
Mono config path = 'C:/Program Files/Unity/Hub/Editor/2022.3.19f1/Editor/Data/MonoBleedingEdge/etc'
Using monoOptions --debugger-agent=transport=dt_socket,embedding=1,server=y,suspend=n,address=127.0.0.1:56856
Begin MonoManager ReloadAssembly
Registering precompiled unity dll's ...
Register platform support module: C:/Program Files/Unity/Hub/Editor/2022.3.19f1/Editor/Data/PlaybackEngines/WebGLSupport/UnityEditor.WebGL.Extensions.dll
Register platform support module: C:/Program Files/Unity/Hub/Editor/2022.3.19f1/Editor/Data/PlaybackEngines/WindowsStandaloneSupport/UnityEditor.WindowsStandalone.Extensions.dll
Register platform support module: C:/Program Files/Unity/Hub/Editor/2022.3.19f1/Editor/Data/PlaybackEngines/MetroSupport/UnityEditor.UWP.Extensions.dll
Registered in 0.016304 seconds.
- Loaded All Assemblies, in  0.620 seconds
Native extension for UWP target not found
Native extension for WindowsStandalone target not found
Native extension for WebGL target not found
Mono: successfully reloaded assembly
- Finished resetting the current domain, in  0.455 seconds
Domain Reload Profiling: 1072ms
	BeginReloadAssembly (198ms)
		ExecutionOrderSort (0ms)
		DisableScriptedObjects (0ms)
		BackupInstance (0ms)
		ReleaseScriptingObjects (0ms)
		CreateAndSetChildDomain (2ms)
	RebuildCommonClasses (53ms)
	RebuildNativeTypeToScriptingClass (22ms)
	initialDomainReloadingComplete (100ms)
	LoadAllAssembliesAndSetupDomain (244ms)
		LoadAssemblies (193ms)
		RebuildTransferFunctionScriptingTraits (0ms)
		AnalyzeDomain (239ms)
			TypeCache.Refresh (236ms)
				TypeCache.ScanAssembly (211ms)
			ScanForSourceGeneratedMonoScriptInfo (1ms)
			ResolveRequiredComponents (1ms)
	FinalizeReload (455ms)
		ReleaseScriptCaches (0ms)
		RebuildScriptCaches (0ms)
		SetupLoadedEditorAssemblies (358ms)
			LogAssemblyErrors (0ms)
			InitializePlatformSupportModulesInManaged (24ms)
			SetLoadedEditorAssemblies (12ms)
			RefreshPlugins (0ms)
			BeforeProcessingInitializeOnLoad (5ms)
			ProcessInitializeOnLoadAttributes (248ms)
			ProcessInitializeOnLoadMethodAttributes (68ms)
			AfterProcessingInitializeOnLoad (0ms)
			EditorAssembliesLoaded (0ms)
		ExecutionOrderSort2 (0ms)
		AwakeInstancesAfterBackupRestoration (0ms)
========================================================================
Worker process is ready to serve import requests
Begin MonoManager ReloadAssembly
- Loaded All Assemblies, in  1.006 seconds
Refreshing native plugins compatible for Editor in 5.99 ms, found 3 plugins.
Native extension for UWP target not found
Native extension for WindowsStandalone target not found
Native extension for WebGL target not found
Package Manager log level set to [2]
[Package Manager] Server::EnsureServerProcessIsRunning -- launch failed, reason: Unity was launched with the -noUpm command-line argument
[Package Manager] UpmClient::Send -- Unable to send message (not connected to UPM process).
[Package Manager] Cannot connect to Unity Package Manager local server
Mono: successfully reloaded assembly
- Finished resetting the current domain, in  1.339 seconds
Domain Reload Profiling: 2340ms
	BeginReloadAssembly (235ms)
		ExecutionOrderSort (0ms)
		DisableScriptedObjects (12ms)
		BackupInstance (0ms)
		ReleaseScriptingObjects (0ms)
		CreateAndSetChildDomain (35ms)
	RebuildCommonClasses (56ms)
	RebuildNativeTypeToScriptingClass (21ms)
	initialDomainReloadingComplete (80ms)
	LoadAllAssembliesAndSetupDomain (608ms)
		LoadAssemblies (447ms)
		RebuildTransferFunctionScriptingTraits (0ms)
		AnalyzeDomain (288ms)
			TypeCache.Refresh (258ms)
				TypeCache.ScanAssembly (234ms)
			ScanForSourceGeneratedMonoScriptInfo (23ms)
			ResolveRequiredComponents (6ms)
	FinalizeReload (1340ms)
		ReleaseScriptCaches (0ms)
		RebuildScriptCaches (0ms)
		SetupLoadedEditorAssemblies (1098ms)
			LogAssemblyErrors (0ms)
			InitializePlatformSupportModulesInManaged (15ms)
			SetLoadedEditorAssemblies (5ms)
			RefreshPlugins (0ms)
			BeforeProcessingInitializeOnLoad (100ms)
			ProcessInitializeOnLoadAttributes (938ms)
			ProcessInitializeOnLoadMethodAttributes (30ms)
			AfterProcessingInitializeOnLoad (10ms)
			EditorAssembliesLoaded (0ms)
		ExecutionOrderSort2 (0ms)
		AwakeInstancesAfterBackupRestoration (10ms)
Launched and connected shader compiler UnityShaderCompiler.exe after 0.10 seconds
Refreshing native plugins compatible for Editor in 10.85 ms, found 3 plugins.
Preloading 0 native plugins for Editor in 0.00 ms.
Unloading 3113 Unused Serialized files (Serialized files now loaded: 0)
Unloading 32 unused Assets / (57.1 KB). Loaded Objects now: 3592.
Memory consumption went from 133.1 MB to 133.0 MB.
Total: 6.424000 ms (FindLiveObjects: 0.444500 ms CreateObjectMapping: 0.163400 ms MarkObjects: 5.651100 ms  DeleteObjects: 0.162700 ms)

AssetImportParameters requested are different than current active one (requested -> active):
  custom:container-demuxer-ogg: 62fdf1f143b41e24485cea50d1cbac27 -> 
  custom:video-codec-MediaFoundation-h265: e54d7ab0439102e2317fc1e4b246158d -> 
  custom:video-decoder-ogg-theora: a1e56fd34408186e4bbccfd4996cb3dc -> 
  custom:framework-win-MediaFoundation: 216162199b28c13a410421893ffa2e32 -> 
  custom:CustomObjectIndexerAttribute: 6d391050e5a25f67b0a2c618074f2cd9 -> 
  custom:container-demuxer-webm: 4f35f7cbe854078d1ac9338744f61a02 -> 
  custom:container-muxer-webm: aa71ff27fc2769a1b78a27578f13a17b -> 
  custom:video-decoder-webm-vp8: 9c59270c3fd7afecdb556c50c9e8de78 -> 
  custom:SearchIndexIgnoredProperties: e643bd26f0fe6173181afceb89e7c659 -> 
  custom:AudioImporter_EditorPlatform: d09bf68614088b80899f8185d706f6e7 -> 
  custom:video-encoder-webm-vp8: eb34c28f22e8b96e1ab97ce403110664 -> 
  custom:audio-decoder-ogg-vorbis: bf7c407c2cedff20999df2af8eb42d56 -> 
  custom:audio-encoder-webm-vorbis: bf7c407c2cedff20999df2af8eb42d56 -> 
========================================================================
Received Import Request.
  Time since last request: 13225.638966 seconds.
  path: Assets/Invector-3rdPersonController_LITE/3D Models/Textures/basicTextures/locomotion_statuePlate_OCC2.png
  artifactKey: Guid(c0dc1d586d3eb134583639343a494d3e) Importer(815301076,1909f56bfc062723c751e8b465ee728b)
Start importing Assets/Invector-3rdPersonController_LITE/3D Models/Textures/basicTextures/locomotion_statuePlate_OCC2.png using Guid(c0dc1d586d3eb134583639343a494d3e) Importer(815301076,1909f56bfc062723c751e8b465ee728b)  -> (artifact id: 'c6cb03f29574549b02f10e3bb72f5ef8') in 0.094505 seconds
Number of updated asset objects reloaded before import = 0
Number of asset objects unloaded after import = 2
========================================================================
Received Import Request.
  Time since last request: 0.023887 seconds.
  path: Assets/Invector-3rdPersonController_LITE/3D Models/Textures/basicTextures/MeleeBanner.png
  artifactKey: Guid(9cebd6075f56577458723853ac7365bb) Importer(815301076,1909f56bfc062723c751e8b465ee728b)
Start importing Assets/Invector-3rdPersonController_LITE/3D Models/Textures/basicTextures/MeleeBanner.png using Guid(9cebd6075f56577458723853ac7365bb) Importer(815301076,1909f56bfc062723c751e8b465ee728b)  -> (artifact id: '817d7245f6a1f994a8e76c5b128a46cc') in 0.034210 seconds
Number of updated asset objects reloaded before import = 0
Number of asset objects unloaded after import = 2
========================================================================
Received Import Request.
  Time since last request: 50.260962 seconds.
  path: Assets/Stylized Pirate Asset Set/Art Assets/Environments/Building/Walls/Shop_solo_Walls_MaskMap 1.png
  artifactKey: Guid(16d43f4470643ac45a20f0182afb1409) Importer(815301076,1909f56bfc062723c751e8b465ee728b)
Start importing Assets/Stylized Pirate Asset Set/Art Assets/Environments/Building/Walls/Shop_solo_Walls_MaskMap 1.png using Guid(16d43f4470643ac45a20f0182afb1409) Importer(815301076,1909f56bfc062723c751e8b465ee728b)  -> (artifact id: '6827079243227f0cb556e50c7c4ea819') in 0.029563 seconds
Number of updated asset objects reloaded before import = 0
Number of asset objects unloaded after import = 2
========================================================================
Received Import Request.
  Time since last request: 365.623615 seconds.
  path: Assets/Stylized Pirate Asset Set/Materials/Items/Compass 1.mat
  artifactKey: Guid(4488743bd418ab04ba22f8cb7d46a288) Importer(815301076,1909f56bfc062723c751e8b465ee728b)
Start importing Assets/Stylized Pirate Asset Set/Materials/Items/Compass 1.mat using Guid(4488743bd418ab04ba22f8cb7d46a288) Importer(815301076,1909f56bfc062723c751e8b465ee728b)  -> (artifact id: '66671f4628fe9aa701d64c8a2e86d3e3') in 0.148403 seconds
Number of updated asset objects reloaded before import = 0
Number of asset objects unloaded after import = 4
========================================================================
Received Import Request.
  Time since last request: 0.000042 seconds.
  path: Assets/Stylized Pirate Asset Set/Materials/Items/Ingot_WoodenPlank_mat.mat
  artifactKey: Guid(9968151910383b64a89f874910a15a03) Importer(815301076,1909f56bfc062723c751e8b465ee728b)
Start importing Assets/Stylized Pirate Asset Set/Materials/Items/Ingot_WoodenPlank_mat.mat using Guid(9968151910383b64a89f874910a15a03) Importer(815301076,1909f56bfc062723c751e8b465ee728b)  -> (artifact id: 'f44dc60e6105366e76a4478cc2de6f80') in 0.032928 seconds
Number of updated asset objects reloaded before import = 0
Number of asset objects unloaded after import = 4
========================================================================
Received Import Request.
  Time since last request: 0.000056 seconds.
  path: Assets/Stylized Pirate Asset Set/Materials/Items/DeliveryCrate_mat.mat
  artifactKey: Guid(2be60b998ac94b642b5281980306e82e) Importer(815301076,1909f56bfc062723c751e8b465ee728b)
Start importing Assets/Stylized Pirate Asset Set/Materials/Items/DeliveryCrate_mat.mat using Guid(2be60b998ac94b642b5281980306e82e) Importer(815301076,1909f56bfc062723c751e8b465ee728b)  -> (artifact id: 'ba2bb36b47feec70ea2c63ccbd554298') in 0.031797 seconds
Number of updated asset objects reloaded before import = 0
Number of asset objects unloaded after import = 4
========================================================================
Received Import Request.
  Time since last request: 0.000059 seconds.
  path: Assets/Stylized Pirate Asset Set/Materials/Items/Tankard.mat
  artifactKey: Guid(fa9ce50776921da47a0e8fa2e485248c) Importer(815301076,1909f56bfc062723c751e8b465ee728b)
Start importing Assets/Stylized Pirate Asset Set/Materials/Items/Tankard.mat using Guid(fa9ce50776921da47a0e8fa2e485248c) Importer(815301076,1909f56bfc062723c751e8b465ee728b)  -> (artifact id: '600167e8e2db61b0f3c75b85624e1b9b') in 0.030732 seconds
Number of updated asset objects reloaded before import = 0
Number of asset objects unloaded after import = 4
========================================================================
Received Import Request.
  Time since last request: 0.000045 seconds.
  path: Assets/Stylized Pirate Asset Set/Materials/Items/Peg leg.mat
  artifactKey: Guid(8bb2d6d150641804db05e7dc3a9ad639) Importer(815301076,1909f56bfc062723c751e8b465ee728b)
Start importing Assets/Stylized Pirate Asset Set/Materials/Items/Peg leg.mat using Guid(8bb2d6d150641804db05e7dc3a9ad639) Importer(815301076,1909f56bfc062723c751e8b465ee728b)  -> (artifact id: 'a9fd8f6c8b0ce594834e14b13010ee0c') in 0.031857 seconds
Number of updated asset objects reloaded before import = 0
Number of asset objects unloaded after import = 4
========================================================================
Received Import Request.
  Time since last request: 0.000033 seconds.
  path: Assets/Stylized Pirate Asset Set/Materials/Items/Hammer.mat
  artifactKey: Guid(b4482442ceba166498868d11a27b68e4) Importer(815301076,1909f56bfc062723c751e8b465ee728b)
Start importing Assets/Stylized Pirate Asset Set/Materials/Items/Hammer.mat using Guid(b4482442ceba166498868d11a27b68e4) Importer(815301076,1909f56bfc062723c751e8b465ee728b)  -> (artifact id: '18622a5cf9dd5c14a151562cfaa4084b') in 0.096704 seconds
Number of updated asset objects reloaded before import = 0
Number of asset objects unloaded after import = 4
========================================================================
Received Import Request.
  Time since last request: 0.488425 seconds.
  path: Assets/Stylized Pirate Asset Set/Materials/Environmental/PalmPlants_mat.mat
  artifactKey: Guid(bd5ffd692085e924ba6e01b43ceedb3d) Importer(815301076,1909f56bfc062723c751e8b465ee728b)
Start importing Assets/Stylized Pirate Asset Set/Materials/Environmental/PalmPlants_mat.mat using Guid(bd5ffd692085e924ba6e01b43ceedb3d) Importer(815301076,1909f56bfc062723c751e8b465ee728b)  -> (artifact id: '4a360455c08c034beb5a2e7e08db93a4') in 0.014029 seconds
Number of updated asset objects reloaded before import = 0
Number of asset objects unloaded after import = 4
========================================================================
Received Import Request.
  Time since last request: 0.000033 seconds.
  path: Assets/Stylized Pirate Asset Set/Materials/Environmental/Sand_Smooth 1.mat
  artifactKey: Guid(89ded8c4c07cdbf4fa5c6495ea0eaef8) Importer(815301076,1909f56bfc062723c751e8b465ee728b)
Start importing Assets/Stylized Pirate Asset Set/Materials/Environmental/Sand_Smooth 1.mat using Guid(89ded8c4c07cdbf4fa5c6495ea0eaef8) Importer(815301076,1909f56bfc062723c751e8b465ee728b)  -> (artifact id: '5843d6ac44d0ab93aa99eb1a3f4a2c35') in 0.023899 seconds
Number of updated asset objects reloaded before import = 0
Number of asset objects unloaded after import = 5
========================================================================
Received Import Request.
  Time since last request: 0.000048 seconds.
  path: Assets/Stylized Pirate Asset Set/Materials/Environmental/Rocks_medium_mat.mat
  artifactKey: Guid(f1dada34391da4542b37efddbcb3e665) Importer(815301076,1909f56bfc062723c751e8b465ee728b)
Start importing Assets/Stylized Pirate Asset Set/Materials/Environmental/Rocks_medium_mat.mat using Guid(f1dada34391da4542b37efddbcb3e665) Importer(815301076,1909f56bfc062723c751e8b465ee728b)  -> (artifact id: '011515dd764daadd75c4bc1d9463fd76') in 0.017451 seconds
Number of updated asset objects reloaded before import = 0
Number of asset objects unloaded after import = 4
========================================================================
Received Import Request.
  Time since last request: 27.583260 seconds.
  path: Assets/Stylized Pirate Asset Set/Art Assets/Environments/Rocks/Small/small_rocks_retopoed_Uved_smallRocks_BaseColor.png
  artifactKey: Guid(c127294cad03b3b4ba7302adbb0714f9) Importer(815301076,1909f56bfc062723c751e8b465ee728b)
Start importing Assets/Stylized Pirate Asset Set/Art Assets/Environments/Rocks/Small/small_rocks_retopoed_Uved_smallRocks_BaseColor.png using Guid(c127294cad03b3b4ba7302adbb0714f9) Importer(815301076,1909f56bfc062723c751e8b465ee728b)  -> (artifact id: '8aae6fc5877acebae1a9d3f2e1ea0744') in 0.036200 seconds
Number of updated asset objects reloaded before import = 0
Number of asset objects unloaded after import = 2
========================================================================
Received Prepare
Begin MonoManager ReloadAssembly
- Loaded All Assemblies, in  0.776 seconds
Refreshing native plugins compatible for Editor in 6.85 ms, found 3 plugins.
Native extension for UWP target not found
Native extension for WindowsStandalone target not found
Native extension for WebGL target not found
[Package Manager] Server::EnsureServerProcessIsRunning -- launch failed, reason: Unity was launched with the -noUpm command-line argument
[Package Manager] UpmClient::Send -- Unable to send message (not connected to UPM process).
[Package Manager] Cannot connect to Unity Package Manager local server
Mono: successfully reloaded assembly
- Finished resetting the current domain, in  2.231 seconds
Domain Reload Profiling: 3003ms
	BeginReloadAssembly (283ms)
		ExecutionOrderSort (0ms)
		DisableScriptedObjects (7ms)
		BackupInstance (0ms)
		ReleaseScriptingObjects (0ms)
		CreateAndSetChildDomain (66ms)
	RebuildCommonClasses (64ms)
	RebuildNativeTypeToScriptingClass (20ms)
	initialDomainReloadingComplete (51ms)
	LoadAllAssembliesAndSetupDomain (352ms)
		LoadAssemblies (493ms)
		RebuildTransferFunctionScriptingTraits (0ms)
		AnalyzeDomain (21ms)
			TypeCache.Refresh (11ms)
				TypeCache.ScanAssembly (0ms)
			ScanForSourceGeneratedMonoScriptInfo (0ms)
			ResolveRequiredComponents (8ms)
	FinalizeReload (2233ms)
		ReleaseScriptCaches (0ms)
		RebuildScriptCaches (0ms)
		SetupLoadedEditorAssemblies (1248ms)
			LogAssemblyErrors (0ms)
			InitializePlatformSupportModulesInManaged (20ms)
			SetLoadedEditorAssemblies (6ms)
			RefreshPlugins (0ms)
			BeforeProcessingInitializeOnLoad (133ms)
			ProcessInitializeOnLoadAttributes (1030ms)
			ProcessInitializeOnLoadMethodAttributes (44ms)
			AfterProcessingInitializeOnLoad (15ms)
			EditorAssembliesLoaded (0ms)
		ExecutionOrderSort2 (0ms)
		AwakeInstancesAfterBackupRestoration (15ms)
Refreshing native plugins compatible for Editor in 10.66 ms, found 3 plugins.
Preloading 0 native plugins for Editor in 0.00 ms.
Unloading 3105 Unused Serialized files (Serialized files now loaded: 0)
Unloading 23 unused Assets / (31.1 KB). Loaded Objects now: 3638.
Memory consumption went from 138.6 MB to 138.5 MB.
Total: 6.643200 ms (FindLiveObjects: 0.482700 ms CreateObjectMapping: 0.280900 ms MarkObjects: 5.789800 ms  DeleteObjects: 0.087200 ms)

Prepare: number of updated asset objects reloaded= 0
AssetImportParameters requested are different than current active one (requested -> active):
  custom:container-demuxer-ogg: 62fdf1f143b41e24485cea50d1cbac27 -> 
  custom:video-codec-MediaFoundation-h265: e54d7ab0439102e2317fc1e4b246158d -> 
  custom:video-decoder-ogg-theora: a1e56fd34408186e4bbccfd4996cb3dc -> 
  custom:framework-win-MediaFoundation: 216162199b28c13a410421893ffa2e32 -> 
  custom:CustomObjectIndexerAttribute: 6d391050e5a25f67b0a2c618074f2cd9 -> 
  custom:container-demuxer-webm: 4f35f7cbe854078d1ac9338744f61a02 -> 
  custom:container-muxer-webm: aa71ff27fc2769a1b78a27578f13a17b -> 
  custom:video-decoder-webm-vp8: 9c59270c3fd7afecdb556c50c9e8de78 -> 
  custom:SearchIndexIgnoredProperties: e643bd26f0fe6173181afceb89e7c659 -> 
  custom:AudioImporter_EditorPlatform: d09bf68614088b80899f8185d706f6e7 -> 
  custom:video-encoder-webm-vp8: eb34c28f22e8b96e1ab97ce403110664 -> 
  custom:audio-decoder-ogg-vorbis: bf7c407c2cedff20999df2af8eb42d56 -> 
  custom:audio-encoder-webm-vorbis: bf7c407c2cedff20999df2af8eb42d56 -> 
========================================================================
Received Import Request.
  Time since last request: 43.967931 seconds.
  path: Assets/Stylized Pirate Asset Set/Art Assets/Vegetation/Palm Plants/PalmPlant_B.obj
  artifactKey: Guid(55c1e184dab256e48913b80537914655) Importer(815301076,1909f56bfc062723c751e8b465ee728b)
Start importing Assets/Stylized Pirate Asset Set/Art Assets/Vegetation/Palm Plants/PalmPlant_B.obj using Guid(55c1e184dab256e48913b80537914655) Importer(815301076,1909f56bfc062723c751e8b465ee728b)  -> (artifact id: '5260999260e2664f39ff015893df318e') in 0.196198 seconds
Number of updated asset objects reloaded before import = 0
Number of asset objects unloaded after import = 10
