Using pre-set license
Built from '2022.3/staging' branch; Version is '2022.3.19f1 (244b723c30a6) revision 2378610'; Using compiler version '192829333'; Build Type 'Release'
OS: 'Windows 11  (10.0.22631) 64bit Core' Language: 'en' Physical Memory: 16216 MB
BatchMode: 1, IsHumanControllingUs: 0, StartBugReporterOnCrash: 0, Is64bit: 1, IsPro: 1

COMMAND LINE ARGUMENTS:
C:\Program Files\Unity\Hub\Editor\2022.3.19f1\Editor\Unity.exe
-adb2
-batchMode
-noUpm
-name
AssetImportWorker0
-projectPath
D:/Repos/github/kazaaak/Keelhaul_Repo/KeelHaul_Project
-logFile
Logs/AssetImportWorker0.log
-srvPort
65063
Successfully changed project path to: D:/Repos/github/kazaaak/Keelhaul_Repo/KeelHaul_Project
D:/Repos/github/kazaaak/Keelhaul_Repo/KeelHaul_Project
[UnityMemory] Configuration Parameters - Can be set up in boot.config
    "memorysetup-bucket-allocator-granularity=16"
    "memorysetup-bucket-allocator-bucket-count=8"
    "memorysetup-bucket-allocator-block-size=33554432"
    "memorysetup-bucket-allocator-block-count=8"
    "memorysetup-main-allocator-block-size=16777216"
    "memorysetup-thread-allocator-block-size=16777216"
    "memorysetup-gfx-main-allocator-block-size=16777216"
    "memorysetup-gfx-thread-allocator-block-size=16777216"
    "memorysetup-cache-allocator-block-size=4194304"
    "memorysetup-typetree-allocator-block-size=2097152"
    "memorysetup-profiler-bucket-allocator-granularity=16"
    "memorysetup-profiler-bucket-allocator-bucket-count=8"
    "memorysetup-profiler-bucket-allocator-block-size=33554432"
    "memorysetup-profiler-bucket-allocator-block-count=8"
    "memorysetup-profiler-allocator-block-size=16777216"
    "memorysetup-profiler-editor-allocator-block-size=1048576"
    "memorysetup-temp-allocator-size-main=16777216"
    "memorysetup-job-temp-allocator-block-size=2097152"
    "memorysetup-job-temp-allocator-block-size-background=1048576"
    "memorysetup-job-temp-allocator-reduction-small-platforms=262144"
    "memorysetup-allocator-temp-initial-block-size-main=262144"
    "memorysetup-allocator-temp-initial-block-size-worker=262144"
    "memorysetup-temp-allocator-size-background-worker=32768"
    "memorysetup-temp-allocator-size-job-worker=262144"
    "memorysetup-temp-allocator-size-preload-manager=33554432"
    "memorysetup-temp-allocator-size-nav-mesh-worker=65536"
    "memorysetup-temp-allocator-size-audio-worker=65536"
    "memorysetup-temp-allocator-size-cloud-worker=32768"
    "memorysetup-temp-allocator-size-gi-baking-worker=262144"
    "memorysetup-temp-allocator-size-gfx=262144"
Player connection [15664] Host "[IP] 129.21.149.14 [Port] 0 [Flags] 2 [Guid] 708033427 [EditorId] 708033427 [Version] 1048832 [Id] WindowsEditor(7,Kazvalech) [Debug] 1 [PackageName] WindowsEditor [ProjectName] Editor" joined multi-casting on [225.0.0.222:54997]...

Player connection [15664] Host "[IP] 129.21.149.14 [Port] 0 [Flags] 2 [Guid] 708033427 [EditorId] 708033427 [Version] 1048832 [Id] WindowsEditor(7,Kazvalech) [Debug] 1 [PackageName] WindowsEditor [ProjectName] Editor" joined alternative multi-casting on [225.0.0.222:34997]...

[Physics::Module] Initialized MultithreadedJobDispatcher with 19 workers.
Refreshing native plugins compatible for Editor in 5.19 ms, found 3 plugins.
Preloading 0 native plugins for Editor in 0.00 ms.
Initialize engine version: 2022.3.19f1 (244b723c30a6)
[Subsystems] Discovering subsystems at path C:/Program Files/Unity/Hub/Editor/2022.3.19f1/Editor/Data/Resources/UnitySubsystems
[Subsystems] Discovering subsystems at path D:/Repos/github/kazaaak/Keelhaul_Repo/KeelHaul_Project/Assets
GfxDevice: creating device client; threaded=0; jobified=0
Direct3D:
    Version:  Direct3D 11.0 [level 11.1]
    Renderer: NVIDIA GeForce RTX 3060 (ID=0x2504)
    Vendor:   NVIDIA
    VRAM:     12129 MB
    Driver:   31.0.15.4629
Initialize mono
Mono path[0] = 'C:/Program Files/Unity/Hub/Editor/2022.3.19f1/Editor/Data/Managed'
Mono path[1] = 'C:/Program Files/Unity/Hub/Editor/2022.3.19f1/Editor/Data/MonoBleedingEdge/lib/mono/unityjit-win32'
Mono config path = 'C:/Program Files/Unity/Hub/Editor/2022.3.19f1/Editor/Data/MonoBleedingEdge/etc'
Using monoOptions --debugger-agent=transport=dt_socket,embedding=1,server=y,suspend=n,address=127.0.0.1:56520
Begin MonoManager ReloadAssembly
Registering precompiled unity dll's ...
Register platform support module: C:/Program Files/Unity/Hub/Editor/2022.3.19f1/Editor/Data/PlaybackEngines/WindowsStandaloneSupport/UnityEditor.WindowsStandalone.Extensions.dll
Registered in 0.004335 seconds.
- Loaded All Assemblies, in  0.242 seconds
Native extension for WindowsStandalone target not found
Mono: successfully reloaded assembly
- Finished resetting the current domain, in  0.193 seconds
Domain Reload Profiling: 434ms
	BeginReloadAssembly (78ms)
		ExecutionOrderSort (0ms)
		DisableScriptedObjects (0ms)
		BackupInstance (0ms)
		ReleaseScriptingObjects (0ms)
		CreateAndSetChildDomain (1ms)
	RebuildCommonClasses (24ms)
	RebuildNativeTypeToScriptingClass (7ms)
	initialDomainReloadingComplete (41ms)
	LoadAllAssembliesAndSetupDomain (92ms)
		LoadAssemblies (76ms)
		RebuildTransferFunctionScriptingTraits (0ms)
		AnalyzeDomain (90ms)
			TypeCache.Refresh (89ms)
				TypeCache.ScanAssembly (80ms)
			ScanForSourceGeneratedMonoScriptInfo (0ms)
			ResolveRequiredComponents (0ms)
	FinalizeReload (193ms)
		ReleaseScriptCaches (0ms)
		RebuildScriptCaches (0ms)
		SetupLoadedEditorAssemblies (153ms)
			LogAssemblyErrors (0ms)
			InitializePlatformSupportModulesInManaged (7ms)
			SetLoadedEditorAssemblies (5ms)
			RefreshPlugins (0ms)
			BeforeProcessingInitializeOnLoad (1ms)
			ProcessInitializeOnLoadAttributes (105ms)
			ProcessInitializeOnLoadMethodAttributes (34ms)
			AfterProcessingInitializeOnLoad (0ms)
			EditorAssembliesLoaded (0ms)
		ExecutionOrderSort2 (0ms)
		AwakeInstancesAfterBackupRestoration (0ms)
========================================================================
Worker process is ready to serve import requests
Begin MonoManager ReloadAssembly
- Loaded All Assemblies, in  0.434 seconds
Refreshing native plugins compatible for Editor in 2.11 ms, found 3 plugins.
Native extension for WindowsStandalone target not found
Package Manager log level set to [2]
[Package Manager] Server::EnsureServerProcessIsRunning -- launch failed, reason: Unity was launched with the -noUpm command-line argument
[Package Manager] UpmClient::Send -- Unable to send message (not connected to UPM process).
[Package Manager] Cannot connect to Unity Package Manager local server
Mono: successfully reloaded assembly
- Finished resetting the current domain, in  0.400 seconds
Domain Reload Profiling: 834ms
	BeginReloadAssembly (106ms)
		ExecutionOrderSort (0ms)
		DisableScriptedObjects (3ms)
		BackupInstance (0ms)
		ReleaseScriptingObjects (0ms)
		CreateAndSetChildDomain (14ms)
	RebuildCommonClasses (22ms)
	RebuildNativeTypeToScriptingClass (7ms)
	initialDomainReloadingComplete (30ms)
	LoadAllAssembliesAndSetupDomain (268ms)
		LoadAssemblies (215ms)
		RebuildTransferFunctionScriptingTraits (0ms)
		AnalyzeDomain (117ms)
			TypeCache.Refresh (104ms)
				TypeCache.ScanAssembly (93ms)
			ScanForSourceGeneratedMonoScriptInfo (10ms)
			ResolveRequiredComponents (2ms)
	FinalizeReload (401ms)
		ReleaseScriptCaches (0ms)
		RebuildScriptCaches (0ms)
		SetupLoadedEditorAssemblies (299ms)
			LogAssemblyErrors (0ms)
			InitializePlatformSupportModulesInManaged (4ms)
			SetLoadedEditorAssemblies (4ms)
			RefreshPlugins (0ms)
			BeforeProcessingInitializeOnLoad (41ms)
			ProcessInitializeOnLoadAttributes (231ms)
			ProcessInitializeOnLoadMethodAttributes (13ms)
			AfterProcessingInitializeOnLoad (6ms)
			EditorAssembliesLoaded (0ms)
		ExecutionOrderSort2 (0ms)
		AwakeInstancesAfterBackupRestoration (4ms)
Launched and connected shader compiler UnityShaderCompiler.exe after 0.03 seconds
Refreshing native plugins compatible for Editor in 2.83 ms, found 3 plugins.
Preloading 0 native plugins for Editor in 0.00 ms.
Unloading 3242 Unused Serialized files (Serialized files now loaded: 0)
Unloading 36 unused Assets / (346.9 KB). Loaded Objects now: 3724.
Memory consumption went from 159.4 MB to 159.1 MB.
Total: 3.270000 ms (FindLiveObjects: 0.215600 ms CreateObjectMapping: 0.136400 ms MarkObjects: 2.755200 ms  DeleteObjects: 0.161700 ms)

AssetImportParameters requested are different than current active one (requested -> active):
  custom:container-demuxer-ogg: 62fdf1f143b41e24485cea50d1cbac27 -> 
  custom:video-codec-MediaFoundation-h265: 746d11721c4dcdbdad8f713fa42b33f4 -> 
  custom:video-decoder-ogg-theora: a1e56fd34408186e4bbccfd4996cb3dc -> 
  custom:framework-win-MediaFoundation: 216162199b28c13a410421893ffa2e32 -> 
  custom:CustomObjectIndexerAttribute: 6d391050e5a25f67b0a2c618074f2cd9 -> 
  custom:container-demuxer-webm: 4f35f7cbe854078d1ac9338744f61a02 -> 
  custom:container-muxer-webm: aa71ff27fc2769a1b78a27578f13a17b -> 
  custom:video-decoder-webm-vp8: 9c59270c3fd7afecdb556c50c9e8de78 -> 
  custom:SearchIndexIgnoredProperties: e643bd26f0fe6173181afceb89e7c659 -> 
  custom:AudioImporter_EditorPlatform: d09bf68614088b80899f8185d706f6e7 -> 
  custom:video-encoder-webm-vp8: eb34c28f22e8b96e1ab97ce403110664 -> 
  custom:audio-decoder-ogg-vorbis: bf7c407c2cedff20999df2af8eb42d56 -> 
  custom:audio-encoder-webm-vorbis: bf7c407c2cedff20999df2af8eb42d56 -> 
========================================================================
Received Import Request.
  Time since last request: 178861.657604 seconds.
  path: Assets/Invector-3rdPersonController_LITE/3D Models/Characters/Invector@V-Bot 2.0/FBX/VBOT_LOD.fbx
  artifactKey: Guid(340f99b8334a14c4a8a01dce6e1e5348) Importer(815301076,1909f56bfc062723c751e8b465ee728b)
Start importing Assets/Invector-3rdPersonController_LITE/3D Models/Characters/Invector@V-Bot 2.0/FBX/VBOT_LOD.fbx using Guid(340f99b8334a14c4a8a01dce6e1e5348) Importer(815301076,1909f56bfc062723c751e8b465ee728b)  -> (artifact id: '17795a428514947975ea9fafd737786c') in 0.184956 seconds
Number of updated asset objects reloaded before import = 0
Number of asset objects unloaded after import = 182
========================================================================
Received Prepare
Begin MonoManager ReloadAssembly
- Loaded All Assemblies, in  0.311 seconds
Refreshing native plugins compatible for Editor in 2.04 ms, found 3 plugins.
Native extension for WindowsStandalone target not found
[Package Manager] Server::EnsureServerProcessIsRunning -- launch failed, reason: Unity was launched with the -noUpm command-line argument
[Package Manager] UpmClient::Send -- Unable to send message (not connected to UPM process).
[Package Manager] Cannot connect to Unity Package Manager local server
Mono: successfully reloaded assembly
- Finished resetting the current domain, in  0.613 seconds
Domain Reload Profiling: 922ms
	BeginReloadAssembly (112ms)
		ExecutionOrderSort (0ms)
		DisableScriptedObjects (3ms)
		BackupInstance (0ms)
		ReleaseScriptingObjects (0ms)
		CreateAndSetChildDomain (23ms)
	RebuildCommonClasses (22ms)
	RebuildNativeTypeToScriptingClass (8ms)
	initialDomainReloadingComplete (22ms)
	LoadAllAssembliesAndSetupDomain (145ms)
		LoadAssemblies (200ms)
		RebuildTransferFunctionScriptingTraits (0ms)
		AnalyzeDomain (9ms)
			TypeCache.Refresh (4ms)
				TypeCache.ScanAssembly (0ms)
			ScanForSourceGeneratedMonoScriptInfo (0ms)
			ResolveRequiredComponents (3ms)
	FinalizeReload (613ms)
		ReleaseScriptCaches (0ms)
		RebuildScriptCaches (0ms)
		SetupLoadedEditorAssemblies (302ms)
			LogAssemblyErrors (0ms)
			InitializePlatformSupportModulesInManaged (4ms)
			SetLoadedEditorAssemblies (3ms)
			RefreshPlugins (0ms)
			BeforeProcessingInitializeOnLoad (47ms)
			ProcessInitializeOnLoadAttributes (227ms)
			ProcessInitializeOnLoadMethodAttributes (14ms)
			AfterProcessingInitializeOnLoad (6ms)
			EditorAssembliesLoaded (2ms)
		ExecutionOrderSort2 (0ms)
		AwakeInstancesAfterBackupRestoration (6ms)
Refreshing native plugins compatible for Editor in 1.89 ms, found 3 plugins.
Preloading 0 native plugins for Editor in 0.00 ms.
Unloading 3207 Unused Serialized files (Serialized files now loaded: 0)
Unloading 26 unused Assets / (317.4 KB). Loaded Objects now: 3740.
Memory consumption went from 159.7 MB to 159.3 MB.
Total: 2.035600 ms (FindLiveObjects: 0.172200 ms CreateObjectMapping: 0.078600 ms MarkObjects: 1.725100 ms  DeleteObjects: 0.058900 ms)

Prepare: number of updated asset objects reloaded= 0
AssetImportParameters requested are different than current active one (requested -> active):
  custom:container-demuxer-ogg: 62fdf1f143b41e24485cea50d1cbac27 -> 
  custom:video-codec-MediaFoundation-h265: 746d11721c4dcdbdad8f713fa42b33f4 -> 
  custom:video-decoder-ogg-theora: a1e56fd34408186e4bbccfd4996cb3dc -> 
  custom:framework-win-MediaFoundation: 216162199b28c13a410421893ffa2e32 -> 
  custom:CustomObjectIndexerAttribute: 6d391050e5a25f67b0a2c618074f2cd9 -> 
  custom:container-demuxer-webm: 4f35f7cbe854078d1ac9338744f61a02 -> 
  custom:container-muxer-webm: aa71ff27fc2769a1b78a27578f13a17b -> 
  custom:video-decoder-webm-vp8: 9c59270c3fd7afecdb556c50c9e8de78 -> 
  custom:SearchIndexIgnoredProperties: e643bd26f0fe6173181afceb89e7c659 -> 
  custom:AudioImporter_EditorPlatform: d09bf68614088b80899f8185d706f6e7 -> 
  custom:video-encoder-webm-vp8: eb34c28f22e8b96e1ab97ce403110664 -> 
  custom:audio-decoder-ogg-vorbis: bf7c407c2cedff20999df2af8eb42d56 -> 
  custom:audio-encoder-webm-vorbis: bf7c407c2cedff20999df2af8eb42d56 -> 
========================================================================
Received Prepare
Begin MonoManager ReloadAssembly
- Loaded All Assemblies, in  0.292 seconds
Refreshing native plugins compatible for Editor in 1.89 ms, found 3 plugins.
Native extension for WindowsStandalone target not found
[Package Manager] Server::EnsureServerProcessIsRunning -- launch failed, reason: Unity was launched with the -noUpm command-line argument
[Package Manager] UpmClient::Send -- Unable to send message (not connected to UPM process).
[Package Manager] Cannot connect to Unity Package Manager local server
Mono: successfully reloaded assembly
- Finished resetting the current domain, in  0.616 seconds
Domain Reload Profiling: 907ms
	BeginReloadAssembly (108ms)
		ExecutionOrderSort (0ms)
		DisableScriptedObjects (3ms)
		BackupInstance (0ms)
		ReleaseScriptingObjects (0ms)
		CreateAndSetChildDomain (23ms)
	RebuildCommonClasses (21ms)
	RebuildNativeTypeToScriptingClass (7ms)
	initialDomainReloadingComplete (21ms)
	LoadAllAssembliesAndSetupDomain (133ms)
		LoadAssemblies (183ms)
		RebuildTransferFunctionScriptingTraits (0ms)
		AnalyzeDomain (9ms)
			TypeCache.Refresh (4ms)
				TypeCache.ScanAssembly (0ms)
			ScanForSourceGeneratedMonoScriptInfo (0ms)
			ResolveRequiredComponents (3ms)
	FinalizeReload (616ms)
		ReleaseScriptCaches (0ms)
		RebuildScriptCaches (0ms)
		SetupLoadedEditorAssemblies (313ms)
			LogAssemblyErrors (0ms)
			InitializePlatformSupportModulesInManaged (6ms)
			SetLoadedEditorAssemblies (4ms)
			RefreshPlugins (0ms)
			BeforeProcessingInitializeOnLoad (47ms)
			ProcessInitializeOnLoadAttributes (233ms)
			ProcessInitializeOnLoadMethodAttributes (16ms)
			AfterProcessingInitializeOnLoad (5ms)
			EditorAssembliesLoaded (1ms)
		ExecutionOrderSort2 (0ms)
		AwakeInstancesAfterBackupRestoration (6ms)
Refreshing native plugins compatible for Editor in 1.95 ms, found 3 plugins.
Preloading 0 native plugins for Editor in 0.00 ms.
Unloading 3207 Unused Serialized files (Serialized files now loaded: 0)
Unloading 26 unused Assets / (317.5 KB). Loaded Objects now: 3743.
Memory consumption went from 161.6 MB to 161.3 MB.
Total: 2.028600 ms (FindLiveObjects: 0.151900 ms CreateObjectMapping: 0.066700 ms MarkObjects: 1.750800 ms  DeleteObjects: 0.058500 ms)

Prepare: number of updated asset objects reloaded= 0
AssetImportParameters requested are different than current active one (requested -> active):
  custom:container-demuxer-ogg: 62fdf1f143b41e24485cea50d1cbac27 -> 
  custom:video-codec-MediaFoundation-h265: 746d11721c4dcdbdad8f713fa42b33f4 -> 
  custom:video-decoder-ogg-theora: a1e56fd34408186e4bbccfd4996cb3dc -> 
  custom:framework-win-MediaFoundation: 216162199b28c13a410421893ffa2e32 -> 
  custom:CustomObjectIndexerAttribute: 6d391050e5a25f67b0a2c618074f2cd9 -> 
  custom:container-demuxer-webm: 4f35f7cbe854078d1ac9338744f61a02 -> 
  custom:container-muxer-webm: aa71ff27fc2769a1b78a27578f13a17b -> 
  custom:video-decoder-webm-vp8: 9c59270c3fd7afecdb556c50c9e8de78 -> 
  custom:SearchIndexIgnoredProperties: e643bd26f0fe6173181afceb89e7c659 -> 
  custom:AudioImporter_EditorPlatform: d09bf68614088b80899f8185d706f6e7 -> 
  custom:video-encoder-webm-vp8: eb34c28f22e8b96e1ab97ce403110664 -> 
  custom:audio-decoder-ogg-vorbis: bf7c407c2cedff20999df2af8eb42d56 -> 
  custom:audio-encoder-webm-vorbis: bf7c407c2cedff20999df2af8eb42d56 -> 
========================================================================
Received Import Request.
  Time since last request: 504.972985 seconds.
  path: Assets/Stylized Pirate Asset Set/Art Assets
  artifactKey: Guid(7756c114d194b5a41b5147f55782c5e1) Importer(815301076,1909f56bfc062723c751e8b465ee728b)
Start importing Assets/Stylized Pirate Asset Set/Art Assets using Guid(7756c114d194b5a41b5147f55782c5e1) Importer(815301076,1909f56bfc062723c751e8b465ee728b)  -> (artifact id: '18b73d7b2549274656baaede86d9db9f') in 0.008830 seconds
Number of updated asset objects reloaded before import = 0
Number of asset objects unloaded after import = 0
========================================================================
Received Import Request.
  Time since last request: 2.167675 seconds.
  path: Assets/Stylized Pirate Asset Set/Art Assets/Items
  artifactKey: Guid(21d903e6b5abe0040bc10c00440f4c19) Importer(815301076,1909f56bfc062723c751e8b465ee728b)
Start importing Assets/Stylized Pirate Asset Set/Art Assets/Items using Guid(21d903e6b5abe0040bc10c00440f4c19) Importer(815301076,1909f56bfc062723c751e8b465ee728b)  -> (artifact id: 'ae2901843347937c0032ddebb400850f') in 0.000401 seconds
Number of updated asset objects reloaded before import = 0
Number of asset objects unloaded after import = 0
========================================================================
Received Import Request.
  Time since last request: 77.386671 seconds.
  path: Assets/Stylized Pirate Asset Set/Prefabs/Items
  artifactKey: Guid(e90d8aba9d011ef41a215eaa4b138d92) Importer(815301076,1909f56bfc062723c751e8b465ee728b)
Start importing Assets/Stylized Pirate Asset Set/Prefabs/Items using Guid(e90d8aba9d011ef41a215eaa4b138d92) Importer(815301076,1909f56bfc062723c751e8b465ee728b)  -> (artifact id: 'a9b72d5dafdef5962bac132f143a2ce5') in 0.000402 seconds
Number of updated asset objects reloaded before import = 0
Number of asset objects unloaded after import = 0
========================================================================
Received Import Request.
  Time since last request: 0.094690 seconds.
  path: Assets/Stylized Pirate Asset Set/Prefabs/Items/Arm_base.prefab
  artifactKey: Guid(352f09788bf23c44ba37f0aa0ddf8605) Importer(815301076,1909f56bfc062723c751e8b465ee728b)
Start importing Assets/Stylized Pirate Asset Set/Prefabs/Items/Arm_base.prefab using Guid(352f09788bf23c44ba37f0aa0ddf8605) Importer(815301076,1909f56bfc062723c751e8b465ee728b)  -> (artifact id: '06fec3a352a4afaccfdbce7270b92a9a') in 0.477749 seconds
Number of updated asset objects reloaded before import = 0
Number of asset objects unloaded after import = 14
========================================================================
Received Import Request.
  Time since last request: 0.000015 seconds.
  path: Assets/Stylized Pirate Asset Set/Prefabs/Items/Hook_arm_Combo.prefab
  artifactKey: Guid(139d4720e25da4948815c66727bd4332) Importer(815301076,1909f56bfc062723c751e8b465ee728b)
Start importing Assets/Stylized Pirate Asset Set/Prefabs/Items/Hook_arm_Combo.prefab using Guid(139d4720e25da4948815c66727bd4332) Importer(815301076,1909f56bfc062723c751e8b465ee728b)  -> (artifact id: '3464c9cd8e48d05c13f29cff1a18c693') in 0.271462 seconds
Number of updated asset objects reloaded before import = 0
Number of asset objects unloaded after import = 46
========================================================================
Received Import Request.
  Time since last request: 0.000041 seconds.
  path: Assets/Stylized Pirate Asset Set/Prefabs/Items/Ingot.prefab
  artifactKey: Guid(75d106137f2aa074e9a893ecf1beaeca) Importer(815301076,1909f56bfc062723c751e8b465ee728b)
Start importing Assets/Stylized Pirate Asset Set/Prefabs/Items/Ingot.prefab using Guid(75d106137f2aa074e9a893ecf1beaeca) Importer(815301076,1909f56bfc062723c751e8b465ee728b)  -> (artifact id: '6c8768bb10d7318becb5ea7c98ba842c') in 0.102339 seconds
Number of updated asset objects reloaded before import = 0
Number of asset objects unloaded after import = 14
========================================================================
Received Import Request.
  Time since last request: 0.000012 seconds.
  path: Assets/Stylized Pirate Asset Set/Prefabs/Items/Tankard.prefab
  artifactKey: Guid(fb817e46fe3a7284e83dcf6e2bade10f) Importer(815301076,1909f56bfc062723c751e8b465ee728b)
Start importing Assets/Stylized Pirate Asset Set/Prefabs/Items/Tankard.prefab using Guid(fb817e46fe3a7284e83dcf6e2bade10f) Importer(815301076,1909f56bfc062723c751e8b465ee728b)  -> (artifact id: '92a59da327a0966ab68f7f50692757a0') in 0.157363 seconds
Number of updated asset objects reloaded before import = 0
Number of asset objects unloaded after import = 14
========================================================================
Received Import Request.
  Time since last request: 0.000013 seconds.
  path: Assets/Stylized Pirate Asset Set/Prefabs/Items/Hook.prefab
  artifactKey: Guid(744db2db61fa76c4b8171aa87d2fe124) Importer(815301076,1909f56bfc062723c751e8b465ee728b)
Start importing Assets/Stylized Pirate Asset Set/Prefabs/Items/Hook.prefab using Guid(744db2db61fa76c4b8171aa87d2fe124) Importer(815301076,1909f56bfc062723c751e8b465ee728b)  -> (artifact id: 'acc5bf4e0178c3316d3108353f3c0faa') in 0.038620 seconds
Number of updated asset objects reloaded before import = 0
Number of asset objects unloaded after import = 14
========================================================================
Received Import Request.
  Time since last request: 0.000021 seconds.
  path: Assets/Stylized Pirate Asset Set/Prefabs/Items/Hammer_Arm_Combo.prefab
  artifactKey: Guid(160ac283519f87049bd268d860865283) Importer(815301076,1909f56bfc062723c751e8b465ee728b)
Start importing Assets/Stylized Pirate Asset Set/Prefabs/Items/Hammer_Arm_Combo.prefab using Guid(160ac283519f87049bd268d860865283) Importer(815301076,1909f56bfc062723c751e8b465ee728b)  -> (artifact id: '684ba9bfd7169656aafe7b9d47b8dde4') in 0.065323 seconds
Number of updated asset objects reloaded before import = 0
Number of asset objects unloaded after import = 34
========================================================================
Received Import Request.
  Time since last request: 0.000015 seconds.
  path: Assets/Stylized Pirate Asset Set/Prefabs/Items/Stairs.prefab
  artifactKey: Guid(ed5272a015b4afa4eb2dabbf7294cf7e) Importer(815301076,1909f56bfc062723c751e8b465ee728b)
Start importing Assets/Stylized Pirate Asset Set/Prefabs/Items/Stairs.prefab using Guid(ed5272a015b4afa4eb2dabbf7294cf7e) Importer(815301076,1909f56bfc062723c751e8b465ee728b)  -> (artifact id: '5a1c4f42a7956a76aa0841e77a6831d0') in 0.080847 seconds
Number of updated asset objects reloaded before import = 0
Number of asset objects unloaded after import = 14
========================================================================
Received Import Request.
  Time since last request: 42.504576 seconds.
  path: Assets/PurePoly/Free_Swords/Prefabs/PP_Sword_0036.prefab
  artifactKey: Guid(944690db56c8ecd4eb71cd85def4fa24) Importer(815301076,1909f56bfc062723c751e8b465ee728b)
Start importing Assets/PurePoly/Free_Swords/Prefabs/PP_Sword_0036.prefab using Guid(944690db56c8ecd4eb71cd85def4fa24) Importer(815301076,1909f56bfc062723c751e8b465ee728b)  -> (artifact id: '44ccc8b24fc4681498afdba2a4315bd7') in 0.063597 seconds
Number of updated asset objects reloaded before import = 0
Number of asset objects unloaded after import = 10
========================================================================
Received Import Request.
  Time since last request: 0.000019 seconds.
  path: Assets/PurePoly/Free_Swords/Prefabs/PP_Sword_0222.prefab
  artifactKey: Guid(e33452043350ccc41aa0136cd51f6c6f) Importer(815301076,1909f56bfc062723c751e8b465ee728b)
Start importing Assets/PurePoly/Free_Swords/Prefabs/PP_Sword_0222.prefab using Guid(e33452043350ccc41aa0136cd51f6c6f) Importer(815301076,1909f56bfc062723c751e8b465ee728b)  -> (artifact id: '045fda5f8dc6b63d0e028110a25cebd2') in 0.078541 seconds
Number of updated asset objects reloaded before import = 0
Number of asset objects unloaded after import = 10
Editor requested this worker to shutdown with reason: Scaling down because of idle timeout
TcpMessagingSession - receive error: operation aborted. errorcode: 995, details: The I/O operation has been aborted because of either a thread exit or an application request.
AssetImportWorker is now disconnected from the server
Process exiting
Exiting without the bug reporter. Application will terminate with return code 0