Using pre-set license
Built from '2022.3/staging' branch; Version is '2022.3.19f1 (244b723c30a6) revision 2378610'; Using compiler version '192829333'; Build Type 'Release'
OS: 'Windows 11  (10.0.22631) 64bit Core' Language: 'en' Physical Memory: 32467 MB
BatchMode: 1, IsHumanControllingUs: 0, StartBugReporterOnCrash: 0, Is64bit: 1, IsPro: 1

COMMAND LINE ARGUMENTS:
C:\Program Files\Unity\Hub\Editor\2022.3.19f1\Editor\Unity.exe
-adb2
-batchMode
-noUpm
-name
AssetImportWorker2
-projectPath
C:/Users/camer/Documents/GitHub/TestKeel/Keelhaul_Repo/KeelHaul_Project
-logFile
Logs/AssetImportWorker2.log
-srvPort
53970
Successfully changed project path to: C:/Users/camer/Documents/GitHub/TestKeel/Keelhaul_Repo/KeelHaul_Project
C:/Users/camer/Documents/GitHub/TestKeel/Keelhaul_Repo/KeelHaul_Project
[UnityMemory] Configuration Parameters - Can be set up in boot.config
    "memorysetup-bucket-allocator-granularity=16"
    "memorysetup-bucket-allocator-bucket-count=8"
    "memorysetup-bucket-allocator-block-size=33554432"
    "memorysetup-bucket-allocator-block-count=8"
    "memorysetup-main-allocator-block-size=16777216"
    "memorysetup-thread-allocator-block-size=16777216"
    "memorysetup-gfx-main-allocator-block-size=16777216"
    "memorysetup-gfx-thread-allocator-block-size=16777216"
    "memorysetup-cache-allocator-block-size=4194304"
    "memorysetup-typetree-allocator-block-size=2097152"
    "memorysetup-profiler-bucket-allocator-granularity=16"
    "memorysetup-profiler-bucket-allocator-bucket-count=8"
    "memorysetup-profiler-bucket-allocator-block-size=33554432"
    "memorysetup-profiler-bucket-allocator-block-count=8"
    "memorysetup-profiler-allocator-block-size=16777216"
    "memorysetup-profiler-editor-allocator-block-size=1048576"
    "memorysetup-temp-allocator-size-main=16777216"
    "memorysetup-job-temp-allocator-block-size=2097152"
    "memorysetup-job-temp-allocator-block-size-background=1048576"
    "memorysetup-job-temp-allocator-reduction-small-platforms=262144"
    "memorysetup-allocator-temp-initial-block-size-main=262144"
    "memorysetup-allocator-temp-initial-block-size-worker=262144"
    "memorysetup-temp-allocator-size-background-worker=32768"
    "memorysetup-temp-allocator-size-job-worker=262144"
    "memorysetup-temp-allocator-size-preload-manager=33554432"
    "memorysetup-temp-allocator-size-nav-mesh-worker=65536"
    "memorysetup-temp-allocator-size-audio-worker=65536"
    "memorysetup-temp-allocator-size-cloud-worker=32768"
    "memorysetup-temp-allocator-size-gi-baking-worker=262144"
    "memorysetup-temp-allocator-size-gfx=262144"
Player connection [14696] Host "[IP] 129.21.78.243 [Port] 0 [Flags] 2 [Guid] 1204405195 [EditorId] 1204405195 [Version] 1048832 [Id] WindowsEditor(7,CameronGaidysLaptop) [Debug] 1 [PackageName] WindowsEditor [ProjectName] Editor" joined multi-casting on [225.0.0.222:54997]...

Player connection [14696] Host "[IP] 129.21.78.243 [Port] 0 [Flags] 2 [Guid] 1204405195 [EditorId] 1204405195 [Version] 1048832 [Id] WindowsEditor(7,CameronGaidysLaptop) [Debug] 1 [PackageName] WindowsEditor [ProjectName] Editor" joined alternative multi-casting on [225.0.0.222:34997]...

[Physics::Module] Initialized MultithreadedJobDispatcher with 15 workers.
Refreshing native plugins compatible for Editor in 10.79 ms, found 3 plugins.
Preloading 0 native plugins for Editor in 0.00 ms.
Initialize engine version: 2022.3.19f1 (244b723c30a6)
[Subsystems] Discovering subsystems at path C:/Program Files/Unity/Hub/Editor/2022.3.19f1/Editor/Data/Resources/UnitySubsystems
[Subsystems] Discovering subsystems at path C:/Users/camer/Documents/GitHub/TestKeel/Keelhaul_Repo/KeelHaul_Project/Assets
GfxDevice: creating device client; threaded=0; jobified=0
Direct3D:
    Version:  Direct3D 11.0 [level 11.1]
    Renderer: NVIDIA GeForce RTX 3080 Laptop GPU (ID=0x249c)
    Vendor:   NVIDIA
    VRAM:     16177 MB
    Driver:   31.0.15.5161
Initialize mono
Mono path[0] = 'C:/Program Files/Unity/Hub/Editor/2022.3.19f1/Editor/Data/Managed'
Mono path[1] = 'C:/Program Files/Unity/Hub/Editor/2022.3.19f1/Editor/Data/MonoBleedingEdge/lib/mono/unityjit-win32'
Mono config path = 'C:/Program Files/Unity/Hub/Editor/2022.3.19f1/Editor/Data/MonoBleedingEdge/etc'
Using monoOptions --debugger-agent=transport=dt_socket,embedding=1,server=y,suspend=n,address=127.0.0.1:56196
Begin MonoManager ReloadAssembly
Registering precompiled unity dll's ...
Register platform support module: C:/Program Files/Unity/Hub/Editor/2022.3.19f1/Editor/Data/PlaybackEngines/WebGLSupport/UnityEditor.WebGL.Extensions.dll
Register platform support module: C:/Program Files/Unity/Hub/Editor/2022.3.19f1/Editor/Data/PlaybackEngines/WindowsStandaloneSupport/UnityEditor.WindowsStandalone.Extensions.dll
Register platform support module: C:/Program Files/Unity/Hub/Editor/2022.3.19f1/Editor/Data/PlaybackEngines/MetroSupport/UnityEditor.UWP.Extensions.dll
Registered in 0.013256 seconds.
- Loaded All Assemblies, in  0.494 seconds
Native extension for UWP target not found
Native extension for WindowsStandalone target not found
Native extension for WebGL target not found
Mono: successfully reloaded assembly
- Finished resetting the current domain, in  0.389 seconds
Domain Reload Profiling: 881ms
	BeginReloadAssembly (137ms)
		ExecutionOrderSort (0ms)
		DisableScriptedObjects (0ms)
		BackupInstance (0ms)
		ReleaseScriptingObjects (0ms)
		CreateAndSetChildDomain (1ms)
	RebuildCommonClasses (52ms)
	RebuildNativeTypeToScriptingClass (14ms)
	initialDomainReloadingComplete (86ms)
	LoadAllAssembliesAndSetupDomain (202ms)
		LoadAssemblies (135ms)
		RebuildTransferFunctionScriptingTraits (0ms)
		AnalyzeDomain (199ms)
			TypeCache.Refresh (197ms)
				TypeCache.ScanAssembly (181ms)
			ScanForSourceGeneratedMonoScriptInfo (1ms)
			ResolveRequiredComponents (1ms)
	FinalizeReload (389ms)
		ReleaseScriptCaches (0ms)
		RebuildScriptCaches (0ms)
		SetupLoadedEditorAssemblies (313ms)
			LogAssemblyErrors (0ms)
			InitializePlatformSupportModulesInManaged (16ms)
			SetLoadedEditorAssemblies (7ms)
			RefreshPlugins (0ms)
			BeforeProcessingInitializeOnLoad (3ms)
			ProcessInitializeOnLoadAttributes (215ms)
			ProcessInitializeOnLoadMethodAttributes (70ms)
			AfterProcessingInitializeOnLoad (0ms)
			EditorAssembliesLoaded (0ms)
		ExecutionOrderSort2 (0ms)
		AwakeInstancesAfterBackupRestoration (0ms)
========================================================================
Worker process is ready to serve import requests
Begin MonoManager ReloadAssembly
- Loaded All Assemblies, in  0.868 seconds
Refreshing native plugins compatible for Editor in 3.83 ms, found 3 plugins.
Native extension for UWP target not found
Native extension for WindowsStandalone target not found
Native extension for WebGL target not found
Package Manager log level set to [2]
[Package Manager] Server::EnsureServerProcessIsRunning -- launch failed, reason: Unity was launched with the -noUpm command-line argument
[Package Manager] UpmClient::Send -- Unable to send message (not connected to UPM process).
[Package Manager] Cannot connect to Unity Package Manager local server
Mono: successfully reloaded assembly
- Finished resetting the current domain, in  1.068 seconds
Domain Reload Profiling: 1932ms
	BeginReloadAssembly (196ms)
		ExecutionOrderSort (0ms)
		DisableScriptedObjects (7ms)
		BackupInstance (0ms)
		ReleaseScriptingObjects (0ms)
		CreateAndSetChildDomain (25ms)
	RebuildCommonClasses (56ms)
	RebuildNativeTypeToScriptingClass (16ms)
	initialDomainReloadingComplete (56ms)
	LoadAllAssembliesAndSetupDomain (539ms)
		LoadAssemblies (379ms)
		RebuildTransferFunctionScriptingTraits (0ms)
		AnalyzeDomain (273ms)
			TypeCache.Refresh (238ms)
				TypeCache.ScanAssembly (219ms)
			ScanForSourceGeneratedMonoScriptInfo (20ms)
			ResolveRequiredComponents (14ms)
	FinalizeReload (1068ms)
		ReleaseScriptCaches (0ms)
		RebuildScriptCaches (0ms)
		SetupLoadedEditorAssemblies (834ms)
			LogAssemblyErrors (0ms)
			InitializePlatformSupportModulesInManaged (11ms)
			SetLoadedEditorAssemblies (4ms)
			RefreshPlugins (0ms)
			BeforeProcessingInitializeOnLoad (77ms)
			ProcessInitializeOnLoadAttributes (706ms)
			ProcessInitializeOnLoadMethodAttributes (25ms)
			AfterProcessingInitializeOnLoad (11ms)
			EditorAssembliesLoaded (0ms)
		ExecutionOrderSort2 (0ms)
		AwakeInstancesAfterBackupRestoration (11ms)
Launched and connected shader compiler UnityShaderCompiler.exe after 0.07 seconds
Refreshing native plugins compatible for Editor in 6.90 ms, found 3 plugins.
Preloading 0 native plugins for Editor in 0.00 ms.
Unloading 3111 Unused Serialized files (Serialized files now loaded: 0)
Unloading 32 unused Assets / (57.3 KB). Loaded Objects now: 3573.
Memory consumption went from 123.4 MB to 123.3 MB.
Total: 5.234800 ms (FindLiveObjects: 0.312000 ms CreateObjectMapping: 0.115400 ms MarkObjects: 4.633500 ms  DeleteObjects: 0.172600 ms)

AssetImportParameters requested are different than current active one (requested -> active):
  custom:container-demuxer-ogg: 62fdf1f143b41e24485cea50d1cbac27 -> 
  custom:video-codec-MediaFoundation-h265: e54d7ab0439102e2317fc1e4b246158d -> 
  custom:video-decoder-ogg-theora: a1e56fd34408186e4bbccfd4996cb3dc -> 
  custom:framework-win-MediaFoundation: 216162199b28c13a410421893ffa2e32 -> 
  custom:CustomObjectIndexerAttribute: 6d391050e5a25f67b0a2c618074f2cd9 -> 
  custom:container-demuxer-webm: 4f35f7cbe854078d1ac9338744f61a02 -> 
  custom:container-muxer-webm: aa71ff27fc2769a1b78a27578f13a17b -> 
  custom:video-decoder-webm-vp8: 9c59270c3fd7afecdb556c50c9e8de78 -> 
  custom:SearchIndexIgnoredProperties: e643bd26f0fe6173181afceb89e7c659 -> 
  custom:AudioImporter_EditorPlatform: d09bf68614088b80899f8185d706f6e7 -> 
  custom:video-encoder-webm-vp8: eb34c28f22e8b96e1ab97ce403110664 -> 
  custom:audio-decoder-ogg-vorbis: bf7c407c2cedff20999df2af8eb42d56 -> 
  custom:audio-encoder-webm-vorbis: bf7c407c2cedff20999df2af8eb42d56 -> 
========================================================================
Received Import Request.
  Time since last request: 10051.714277 seconds.
  path: Assets/Scenes
  artifactKey: Guid(aedf25fbc94c86d49818352cc9e985d8) Importer(2089858483,0ecaa5967403d082aa24f35e1b516d23)
Start importing Assets/Scenes using Guid(aedf25fbc94c86d49818352cc9e985d8) Importer(2089858483,0ecaa5967403d082aa24f35e1b516d23) Generated GUIDs only implemented for interfaces!
 -> (artifact id: 'bab7b88173375a25d5bb71ab83a30084') in 0.081370 seconds
Number of updated asset objects reloaded before import = 0
Number of asset objects unloaded after import = 1
========================================================================
Received Import Request.
  Time since last request: 0.000020 seconds.
  path: Assets/Invector-3rdPersonController_LITE/Prefabs/Coin.prefab
  artifactKey: Guid(d7066fd892397ef45a5ed53bb04b4e82) Importer(2089858483,0ecaa5967403d082aa24f35e1b516d23)
Start importing Assets/Invector-3rdPersonController_LITE/Prefabs/Coin.prefab using Guid(d7066fd892397ef45a5ed53bb04b4e82) Importer(2089858483,0ecaa5967403d082aa24f35e1b516d23) Generated GUIDs only implemented for interfaces!
 -> (artifact id: '86b5737cad2932a9a59277ff3f92105a') in 0.075839 seconds
Number of updated asset objects reloaded before import = 0
Number of asset objects unloaded after import = 8
========================================================================
Received Import Request.
  Time since last request: 334.950019 seconds.
  path: Assets/PolyAngel-Mini Pirates Island/Models
  artifactKey: Guid(12ba5697b61d4496191981df58e3d48c) Importer(2089858483,0ecaa5967403d082aa24f35e1b516d23)
Start importing Assets/PolyAngel-Mini Pirates Island/Models using Guid(12ba5697b61d4496191981df58e3d48c) Importer(2089858483,0ecaa5967403d082aa24f35e1b516d23) Generated GUIDs only implemented for interfaces!
 -> (artifact id: '31ebe939aae67d7440111926d2aa7e02') in 0.015954 seconds
Number of updated asset objects reloaded before import = 0
Number of asset objects unloaded after import = 1
========================================================================
Received Import Request.
  Time since last request: 0.007909 seconds.
  path: Assets/PolyAngel-Mini Pirates Island/Prefabs/Ship(Blue)03.prefab
  artifactKey: Guid(058fe82404a8744b388c8e8a733f02e0) Importer(2089858483,0ecaa5967403d082aa24f35e1b516d23)
Start importing Assets/PolyAngel-Mini Pirates Island/Prefabs/Ship(Blue)03.prefab using Guid(058fe82404a8744b388c8e8a733f02e0) Importer(2089858483,0ecaa5967403d082aa24f35e1b516d23) Generated GUIDs only implemented for interfaces!
 -> (artifact id: 'e52dbf082f50e5367ce5f766468e5b90') in 0.023587 seconds
Number of updated asset objects reloaded before import = 0
Number of asset objects unloaded after import = 7
========================================================================
Received Import Request.
  Time since last request: 0.000061 seconds.
  path: Assets/PolyAngel-Mini Pirates Island/Models/Ship(Black)03.fbx
  artifactKey: Guid(8544bc9a847f64212980ea3fd0fbeabe) Importer(2089858483,0ecaa5967403d082aa24f35e1b516d23)
Start importing Assets/PolyAngel-Mini Pirates Island/Models/Ship(Black)03.fbx using Guid(8544bc9a847f64212980ea3fd0fbeabe) Importer(2089858483,0ecaa5967403d082aa24f35e1b516d23) Generated GUIDs only implemented for interfaces!
 -> (artifact id: '1200bd451e7bea8116e250c7e0e0a099') in 0.047094 seconds
Number of updated asset objects reloaded before import = 0
Number of asset objects unloaded after import = 7
========================================================================
Received Import Request.
  Time since last request: 0.000129 seconds.
  path: Assets/PolyAngel-Mini Pirates Island/Models/Ship(Blue)02.fbx
  artifactKey: Guid(c28d539ca587549e989f27a1e1c4c8b8) Importer(2089858483,0ecaa5967403d082aa24f35e1b516d23)
Start importing Assets/PolyAngel-Mini Pirates Island/Models/Ship(Blue)02.fbx using Guid(c28d539ca587549e989f27a1e1c4c8b8) Importer(2089858483,0ecaa5967403d082aa24f35e1b516d23) Generated GUIDs only implemented for interfaces!
 -> (artifact id: '77943601150ed6837127df00896170a1') in 0.022661 seconds
Number of updated asset objects reloaded before import = 0
Number of asset objects unloaded after import = 7
========================================================================
Received Import Request.
  Time since last request: 0.000082 seconds.
  path: Assets/PolyAngel-Mini Pirates Island/Models/Ship(Whiite)02.fbx
  artifactKey: Guid(afad0f00c47564a2cb3b144975e08f5f) Importer(2089858483,0ecaa5967403d082aa24f35e1b516d23)
Start importing Assets/PolyAngel-Mini Pirates Island/Models/Ship(Whiite)02.fbx using Guid(afad0f00c47564a2cb3b144975e08f5f) Importer(2089858483,0ecaa5967403d082aa24f35e1b516d23) Generated GUIDs only implemented for interfaces!
 -> (artifact id: '35c2ec28ab36cf903ef6dffcac084558') in 0.022706 seconds
Number of updated asset objects reloaded before import = 0
Number of asset objects unloaded after import = 7
========================================================================
Received Import Request.
  Time since last request: 0.000102 seconds.
  path: Assets/PolyAngel-Mini Pirates Island/Prefabs/Boat.prefab
  artifactKey: Guid(edf6fe73ce49a48ee8efbaeb6647a817) Importer(2089858483,0ecaa5967403d082aa24f35e1b516d23)
Start importing Assets/PolyAngel-Mini Pirates Island/Prefabs/Boat.prefab using Guid(edf6fe73ce49a48ee8efbaeb6647a817) Importer(2089858483,0ecaa5967403d082aa24f35e1b516d23) Generated GUIDs only implemented for interfaces!
 -> (artifact id: 'e0b6ee62388e39adbb5047bd89e3db96') in 0.011779 seconds
Number of updated asset objects reloaded before import = 0
Number of asset objects unloaded after import = 14
========================================================================
Received Import Request.
  Time since last request: 0.000037 seconds.
  path: Assets/PolyAngel-Mini Pirates Island/Prefabs
  artifactKey: Guid(46dadf0a4ff9c4595a88a3a0faae191f) Importer(2089858483,0ecaa5967403d082aa24f35e1b516d23)
Start importing Assets/PolyAngel-Mini Pirates Island/Prefabs using Guid(46dadf0a4ff9c4595a88a3a0faae191f) Importer(2089858483,0ecaa5967403d082aa24f35e1b516d23) Generated GUIDs only implemented for interfaces!
 -> (artifact id: '162a41c03fd9bd35153bf3e20f9dcc9d') in 0.011678 seconds
Number of updated asset objects reloaded before import = 0
Number of asset objects unloaded after import = 1
========================================================================
Received Import Request.
  Time since last request: 0.000093 seconds.
  path: Assets/PolyAngel-Mini Pirates Island/Models/Ship(Red)03.fbx
  artifactKey: Guid(75defad88d21b4c79808c4238db867cb) Importer(2089858483,0ecaa5967403d082aa24f35e1b516d23)
Start importing Assets/PolyAngel-Mini Pirates Island/Models/Ship(Red)03.fbx using Guid(75defad88d21b4c79808c4238db867cb) Importer(2089858483,0ecaa5967403d082aa24f35e1b516d23) Generated GUIDs only implemented for interfaces!
 -> (artifact id: 'b88e9a8f9795588ef6d7a79a188601dd') in 0.033481 seconds
Number of updated asset objects reloaded before import = 0
Number of asset objects unloaded after import = 7
========================================================================
Received Import Request.
  Time since last request: 0.000037 seconds.
  path: Assets/PolyAngel-Mini Pirates Island/Models/Plam Tree02.fbx
  artifactKey: Guid(83ca0ae4ed3ad48f1b33e88aa452749a) Importer(2089858483,0ecaa5967403d082aa24f35e1b516d23)
Start importing Assets/PolyAngel-Mini Pirates Island/Models/Plam Tree02.fbx using Guid(83ca0ae4ed3ad48f1b33e88aa452749a) Importer(2089858483,0ecaa5967403d082aa24f35e1b516d23) Generated GUIDs only implemented for interfaces!
 -> (artifact id: '21e347eeb5742fdcf221086b944361f4') in 0.030344 seconds
Number of updated asset objects reloaded before import = 0
Number of asset objects unloaded after import = 7
========================================================================
Received Import Request.
  Time since last request: 0.000044 seconds.
  path: Assets/PolyAngel-Mini Pirates Island/Prefabs/Ship(Black)03.prefab
  artifactKey: Guid(ca72e018a1d134822a3bba34d4e955d1) Importer(2089858483,0ecaa5967403d082aa24f35e1b516d23)
Start importing Assets/PolyAngel-Mini Pirates Island/Prefabs/Ship(Black)03.prefab using Guid(ca72e018a1d134822a3bba34d4e955d1) Importer(2089858483,0ecaa5967403d082aa24f35e1b516d23) Generated GUIDs only implemented for interfaces!
 -> (artifact id: '29ea5fa0bb18ec79f717eb2812da8323') in 0.018063 seconds
Number of updated asset objects reloaded before import = 0
Number of asset objects unloaded after import = 7
========================================================================
Received Import Request.
  Time since last request: 0.000118 seconds.
  path: Assets/PolyAngel-Mini Pirates Island/Materials/Ground.mat
  artifactKey: Guid(10067942a7ae04f84836f59e1445999d) Importer(2089858483,0ecaa5967403d082aa24f35e1b516d23)
Start importing Assets/PolyAngel-Mini Pirates Island/Materials/Ground.mat using Guid(10067942a7ae04f84836f59e1445999d) Importer(2089858483,0ecaa5967403d082aa24f35e1b516d23) Generated GUIDs only implemented for interfaces!
 -> (artifact id: '7ce09b12b4d2ce685e16d565133466f2') in 0.040954 seconds
Number of updated asset objects reloaded before import = 0
Number of asset objects unloaded after import = 2
========================================================================
Received Import Request.
  Time since last request: 0.000026 seconds.
  path: Assets/PolyAngel-Mini Pirates Island/Models/Cannon.fbx
  artifactKey: Guid(a5cc0941af93542ceb1e12b8afefbcc9) Importer(2089858483,0ecaa5967403d082aa24f35e1b516d23)
Start importing Assets/PolyAngel-Mini Pirates Island/Models/Cannon.fbx using Guid(a5cc0941af93542ceb1e12b8afefbcc9) Importer(2089858483,0ecaa5967403d082aa24f35e1b516d23) Generated GUIDs only implemented for interfaces!
 -> (artifact id: '67cf817b3bc6b2f4f2c9bf1ba153b11e') in 0.028991 seconds
Number of updated asset objects reloaded before import = 0
Number of asset objects unloaded after import = 14
========================================================================
Received Import Request.
  Time since last request: 0.000051 seconds.
  path: Assets/PolyAngel-Mini Pirates Island/Prefabs/Ship(Black)02.prefab
  artifactKey: Guid(04b02631dc5604aaa875821f7d6393bd) Importer(2089858483,0ecaa5967403d082aa24f35e1b516d23)
Start importing Assets/PolyAngel-Mini Pirates Island/Prefabs/Ship(Black)02.prefab using Guid(04b02631dc5604aaa875821f7d6393bd) Importer(2089858483,0ecaa5967403d082aa24f35e1b516d23) Generated GUIDs only implemented for interfaces!
 -> (artifact id: 'eacbfe757a653b529040173475120817') in 0.018606 seconds
Number of updated asset objects reloaded before import = 0
Number of asset objects unloaded after import = 7
========================================================================
Received Import Request.
  Time since last request: 0.000041 seconds.
  path: Assets/PolyAngel-Mini Pirates Island/Models/Boat.fbx
  artifactKey: Guid(207737a4c1edb4b45be34869124f04ef) Importer(2089858483,0ecaa5967403d082aa24f35e1b516d23)
Start importing Assets/PolyAngel-Mini Pirates Island/Models/Boat.fbx using Guid(207737a4c1edb4b45be34869124f04ef) Importer(2089858483,0ecaa5967403d082aa24f35e1b516d23) Generated GUIDs only implemented for interfaces!
 -> (artifact id: '85b66a81175af067f0bba0d62b87f3e8') in 0.026247 seconds
Number of updated asset objects reloaded before import = 0
Number of asset objects unloaded after import = 14
========================================================================
Received Import Request.
  Time since last request: 0.000018 seconds.
  path: Assets/PolyAngel-Mini Pirates Island/Prefabs/Anchor.prefab
  artifactKey: Guid(af65fc78ebf294271a5c11dffbde5463) Importer(2089858483,0ecaa5967403d082aa24f35e1b516d23)
Start importing Assets/PolyAngel-Mini Pirates Island/Prefabs/Anchor.prefab using Guid(af65fc78ebf294271a5c11dffbde5463) Importer(2089858483,0ecaa5967403d082aa24f35e1b516d23) Generated GUIDs only implemented for interfaces!
 -> (artifact id: '53711c8c7fe80c00bb71d50ee3159c5a') in 0.014934 seconds
Number of updated asset objects reloaded before import = 0
Number of asset objects unloaded after import = 7
========================================================================
Received Import Request.
  Time since last request: 0.000023 seconds.
  path: Assets/PolyAngel-Mini Pirates Island/Models/Ship(Black)02.fbx
  artifactKey: Guid(8d6dbd87dab5940518b725ad5a336c9c) Importer(2089858483,0ecaa5967403d082aa24f35e1b516d23)
Start importing Assets/PolyAngel-Mini Pirates Island/Models/Ship(Black)02.fbx using Guid(8d6dbd87dab5940518b725ad5a336c9c) Importer(2089858483,0ecaa5967403d082aa24f35e1b516d23) Generated GUIDs only implemented for interfaces!
 -> (artifact id: 'fd22b0a87720bdc742ae79a27441d2b7') in 0.032099 seconds
Number of updated asset objects reloaded before import = 0
Number of asset objects unloaded after import = 7
========================================================================
Received Import Request.
  Time since last request: 0.000055 seconds.
  path: Assets/PolyAngel-Mini Pirates Island/Prefabs/Ship(Black)01.prefab
  artifactKey: Guid(a52cb6859b7974b34a1e04efcbb2a665) Importer(2089858483,0ecaa5967403d082aa24f35e1b516d23)
Start importing Assets/PolyAngel-Mini Pirates Island/Prefabs/Ship(Black)01.prefab using Guid(a52cb6859b7974b34a1e04efcbb2a665) Importer(2089858483,0ecaa5967403d082aa24f35e1b516d23) Generated GUIDs only implemented for interfaces!
 -> (artifact id: 'd85da4ec2069ebd5e9064d7a42ac4de3') in 0.017115 seconds
Number of updated asset objects reloaded before import = 0
Number of asset objects unloaded after import = 7
========================================================================
Received Import Request.
  Time since last request: 0.000027 seconds.
  path: Assets/PolyAngel-Mini Pirates Island/Models/Ship(Blue)01.fbx
  artifactKey: Guid(b97aeadf081a7407292b1d0a567f576a) Importer(2089858483,0ecaa5967403d082aa24f35e1b516d23)
Start importing Assets/PolyAngel-Mini Pirates Island/Models/Ship(Blue)01.fbx using Guid(b97aeadf081a7407292b1d0a567f576a) Importer(2089858483,0ecaa5967403d082aa24f35e1b516d23) Generated GUIDs only implemented for interfaces!
 -> (artifact id: '9aed77f82520480666d7d540b0915f9a') in 0.027715 seconds
Number of updated asset objects reloaded before import = 0
Number of asset objects unloaded after import = 7
========================================================================
Received Import Request.
  Time since last request: 0.000084 seconds.
  path: Assets/PolyAngel-Mini Pirates Island/Models/Break Ship.fbx
  artifactKey: Guid(b71ead52cb89f40c28e9495fd5ee0cbd) Importer(2089858483,0ecaa5967403d082aa24f35e1b516d23)
Start importing Assets/PolyAngel-Mini Pirates Island/Models/Break Ship.fbx using Guid(b71ead52cb89f40c28e9495fd5ee0cbd) Importer(2089858483,0ecaa5967403d082aa24f35e1b516d23) Generated GUIDs only implemented for interfaces!
 -> (artifact id: '6ae9cbfdc8a4a79d99e7ea685986ede4') in 0.026950 seconds
Number of updated asset objects reloaded before import = 0
Number of asset objects unloaded after import = 14
========================================================================
Received Import Request.
  Time since last request: 0.000041 seconds.
  path: Assets/PolyAngel-Mini Pirates Island/Textures
  artifactKey: Guid(7d12bc027338f4182b644978ae99011b) Importer(2089858483,0ecaa5967403d082aa24f35e1b516d23)
Start importing Assets/PolyAngel-Mini Pirates Island/Textures using Guid(7d12bc027338f4182b644978ae99011b) Importer(2089858483,0ecaa5967403d082aa24f35e1b516d23) Generated GUIDs only implemented for interfaces!
 -> (artifact id: '8cbfb893c33ba60159696035a52a0d12') in 0.016409 seconds
Number of updated asset objects reloaded before import = 0
Number of asset objects unloaded after import = 1
========================================================================
Received Import Request.
  Time since last request: 0.000070 seconds.
  path: Assets/PolyAngel-Mini Pirates Island/Scence/Demo Scene.unity
  artifactKey: Guid(437bc522c2e124d128d0da81377db860) Importer(2089858483,0ecaa5967403d082aa24f35e1b516d23)
Start importing Assets/PolyAngel-Mini Pirates Island/Scence/Demo Scene.unity using Guid(437bc522c2e124d128d0da81377db860) Importer(2089858483,0ecaa5967403d082aa24f35e1b516d23) Generated GUIDs only implemented for interfaces!
 -> (artifact id: '7519f83b3514533b7a8ab2d7b49f831b') in 0.015410 seconds
Number of updated asset objects reloaded before import = 0
Number of asset objects unloaded after import = 1
========================================================================
Received Import Request.
  Time since last request: 0.000094 seconds.
  path: Assets/PolyAngel-Mini Pirates Island/Models/Treasure chest 1.fbx
  artifactKey: Guid(e00f8f6d400624c0c8e44dc7fc8b4c2e) Importer(2089858483,0ecaa5967403d082aa24f35e1b516d23)
Start importing Assets/PolyAngel-Mini Pirates Island/Models/Treasure chest 1.fbx using Guid(e00f8f6d400624c0c8e44dc7fc8b4c2e) Importer(2089858483,0ecaa5967403d082aa24f35e1b516d23) Generated GUIDs only implemented for interfaces!
 -> (artifact id: 'f291146e1715aa2cac1d7d886e3abe02') in 0.028189 seconds
Number of updated asset objects reloaded before import = 0
Number of asset objects unloaded after import = 14
========================================================================
Received Import Request.
  Time since last request: 0.000022 seconds.
  path: Assets/PolyAngel-Mini Pirates Island/Models/Ship(Whiite)01.fbx
  artifactKey: Guid(ed290a04d06a449208d238446d99b73a) Importer(2089858483,0ecaa5967403d082aa24f35e1b516d23)
Start importing Assets/PolyAngel-Mini Pirates Island/Models/Ship(Whiite)01.fbx using Guid(ed290a04d06a449208d238446d99b73a) Importer(2089858483,0ecaa5967403d082aa24f35e1b516d23) Generated GUIDs only implemented for interfaces!
 -> (artifact id: '3b2636b4c13df1041ade81868b9a68e2') in 0.027310 seconds
Number of updated asset objects reloaded before import = 0
Number of asset objects unloaded after import = 8
========================================================================
Received Import Request.
  Time since last request: 0.000028 seconds.
  path: Assets/PolyAngel-Mini Pirates Island/Textures/Ground.png
  artifactKey: Guid(94f58c2d310ce418793957a7c1fd3042) Importer(2089858483,0ecaa5967403d082aa24f35e1b516d23)
Start importing Assets/PolyAngel-Mini Pirates Island/Textures/Ground.png using Guid(94f58c2d310ce418793957a7c1fd3042) Importer(2089858483,0ecaa5967403d082aa24f35e1b516d23) Generated GUIDs only implemented for interfaces!
 -> (artifact id: 'c40cc8efc06950fa5667320193e88170') in 0.074292 seconds
Number of updated asset objects reloaded before import = 0
Number of asset objects unloaded after import = 1
========================================================================
Received Import Request.
  Time since last request: 0.000044 seconds.
  path: Assets/PolyAngel-Mini Pirates Island/Prefabs/Ship(Red)03.prefab
  artifactKey: Guid(97df81db1cd0e4b94953083713af697e) Importer(2089858483,0ecaa5967403d082aa24f35e1b516d23)
Start importing Assets/PolyAngel-Mini Pirates Island/Prefabs/Ship(Red)03.prefab using Guid(97df81db1cd0e4b94953083713af697e) Importer(2089858483,0ecaa5967403d082aa24f35e1b516d23) Generated GUIDs only implemented for interfaces!
 -> (artifact id: '37ccbffb8efc45f65506405d5c7b95d0') in 0.017763 seconds
Number of updated asset objects reloaded before import = 0
Number of asset objects unloaded after import = 7
========================================================================
Received Import Request.
  Time since last request: 0.000025 seconds.
  path: Assets/PolyAngel-Mini Pirates Island/Models/Ship(Red)02.fbx
  artifactKey: Guid(780d22c4ab6dc42b0a1e16d13613f1b2) Importer(2089858483,0ecaa5967403d082aa24f35e1b516d23)
Start importing Assets/PolyAngel-Mini Pirates Island/Models/Ship(Red)02.fbx using Guid(780d22c4ab6dc42b0a1e16d13613f1b2) Importer(2089858483,0ecaa5967403d082aa24f35e1b516d23) Generated GUIDs only implemented for interfaces!
 -> (artifact id: 'c83c5d505c3d99a1ab06180d712d1a7a') in 0.025690 seconds
Number of updated asset objects reloaded before import = 0
Number of asset objects unloaded after import = 7
========================================================================
Received Import Request.
  Time since last request: 0.000050 seconds.
  path: Assets/PolyAngel-Mini Pirates Island/Prefabs/Treasure chest Open.prefab
  artifactKey: Guid(d5a61c4d106d74c92abc7fc5d8da5f57) Importer(2089858483,0ecaa5967403d082aa24f35e1b516d23)
Start importing Assets/PolyAngel-Mini Pirates Island/Prefabs/Treasure chest Open.prefab using Guid(d5a61c4d106d74c92abc7fc5d8da5f57) Importer(2089858483,0ecaa5967403d082aa24f35e1b516d23) Generated GUIDs only implemented for interfaces!
 -> (artifact id: 'f1f49d28b8904ee530c28fd65fa8178b') in 0.015956 seconds
Number of updated asset objects reloaded before import = 0
Number of asset objects unloaded after import = 14
========================================================================
Received Import Request.
  Time since last request: 10.760330 seconds.
  path: Assets/PolyAngel-Mini Pirates Island/Models/Barrals.fbx
  artifactKey: Guid(05c87a63741664e3aadc7a6595160a50) Importer(815301076,1909f56bfc062723c751e8b465ee728b)
Start importing Assets/PolyAngel-Mini Pirates Island/Models/Barrals.fbx using Guid(05c87a63741664e3aadc7a6595160a50) Importer(815301076,1909f56bfc062723c751e8b465ee728b)  -> (artifact id: '047d7d02e3c96a09e238911268b6e404') in 0.161965 seconds
Number of updated asset objects reloaded before import = 0
Number of asset objects unloaded after import = 7
========================================================================
Received Import Request.
  Time since last request: 0.000052 seconds.
  path: Assets/PolyAngel-Mini Pirates Island/Models/Ground.fbx
  artifactKey: Guid(29c7fa2e24e8043888220585872de54d) Importer(815301076,1909f56bfc062723c751e8b465ee728b)
Start importing Assets/PolyAngel-Mini Pirates Island/Models/Ground.fbx using Guid(29c7fa2e24e8043888220585872de54d) Importer(815301076,1909f56bfc062723c751e8b465ee728b)  -> (artifact id: '9175049f8faf51c237c52af585459363') in 0.027632 seconds
Number of updated asset objects reloaded before import = 0
Number of asset objects unloaded after import = 7
========================================================================
Received Import Request.
  Time since last request: 0.000089 seconds.
  path: Assets/PolyAngel-Mini Pirates Island/Models/Ship(Black)01.fbx
  artifactKey: Guid(cdc0d4e5603ea4937a7a3017e30e3170) Importer(815301076,1909f56bfc062723c751e8b465ee728b)
Start importing Assets/PolyAngel-Mini Pirates Island/Models/Ship(Black)01.fbx using Guid(cdc0d4e5603ea4937a7a3017e30e3170) Importer(815301076,1909f56bfc062723c751e8b465ee728b)  -> (artifact id: '0491cb42cf5cc9b697cdf33503747951') in 0.028476 seconds
Number of updated asset objects reloaded before import = 0
Number of asset objects unloaded after import = 7
========================================================================
Received Import Request.
  Time since last request: 0.000021 seconds.
  path: Assets/PolyAngel-Mini Pirates Island/Models/Ship(Red)03.fbx
  artifactKey: Guid(75defad88d21b4c79808c4238db867cb) Importer(815301076,1909f56bfc062723c751e8b465ee728b)
Start importing Assets/PolyAngel-Mini Pirates Island/Models/Ship(Red)03.fbx using Guid(75defad88d21b4c79808c4238db867cb) Importer(815301076,1909f56bfc062723c751e8b465ee728b)  -> (artifact id: '96a0448ad12e55f5b36c1691b672d294') in 0.022307 seconds
Number of updated asset objects reloaded before import = 0
Number of asset objects unloaded after import = 7
========================================================================
Received Import Request.
  Time since last request: 0.000020 seconds.
  path: Assets/PolyAngel-Mini Pirates Island/Models/Ship(Whiite)02.fbx
  artifactKey: Guid(afad0f00c47564a2cb3b144975e08f5f) Importer(815301076,1909f56bfc062723c751e8b465ee728b)
Start importing Assets/PolyAngel-Mini Pirates Island/Models/Ship(Whiite)02.fbx using Guid(afad0f00c47564a2cb3b144975e08f5f) Importer(815301076,1909f56bfc062723c751e8b465ee728b)  -> (artifact id: 'c0b822b20e4076ec4802d612b9965cd8') in 0.020533 seconds
Number of updated asset objects reloaded before import = 0
Number of asset objects unloaded after import = 7
========================================================================
Received Import Request.
  Time since last request: 0.000020 seconds.
  path: Assets/PolyAngel-Mini Pirates Island/Models/Ship(Blue)01.fbx
  artifactKey: Guid(b97aeadf081a7407292b1d0a567f576a) Importer(815301076,1909f56bfc062723c751e8b465ee728b)
Start importing Assets/PolyAngel-Mini Pirates Island/Models/Ship(Blue)01.fbx using Guid(b97aeadf081a7407292b1d0a567f576a) Importer(815301076,1909f56bfc062723c751e8b465ee728b)  -> (artifact id: 'eca0a30e8ed68cdaf286c4ef548fdef7') in 0.022113 seconds
Number of updated asset objects reloaded before import = 0
Number of asset objects unloaded after import = 7
========================================================================
Received Import Request.
  Time since last request: 0.000043 seconds.
  path: Assets/PolyAngel-Mini Pirates Island/Models/Plam Tree01.fbx
  artifactKey: Guid(96999d95065c3428fb46394fb9b4e413) Importer(815301076,1909f56bfc062723c751e8b465ee728b)
Start importing Assets/PolyAngel-Mini Pirates Island/Models/Plam Tree01.fbx using Guid(96999d95065c3428fb46394fb9b4e413) Importer(815301076,1909f56bfc062723c751e8b465ee728b)  -> (artifact id: '1b60001c361030887b4ea52c490e621d') in 0.026110 seconds
Number of updated asset objects reloaded before import = 0
Number of asset objects unloaded after import = 7
========================================================================
Received Import Request.
  Time since last request: 0.000023 seconds.
  path: Assets/PolyAngel-Mini Pirates Island/Models/Ship(Blue)02.fbx
  artifactKey: Guid(c28d539ca587549e989f27a1e1c4c8b8) Importer(815301076,1909f56bfc062723c751e8b465ee728b)
Start importing Assets/PolyAngel-Mini Pirates Island/Models/Ship(Blue)02.fbx using Guid(c28d539ca587549e989f27a1e1c4c8b8) Importer(815301076,1909f56bfc062723c751e8b465ee728b)  -> (artifact id: '4a41a9ea9af5f098d925c36d539db626') in 0.023616 seconds
Number of updated asset objects reloaded before import = 0
Number of asset objects unloaded after import = 7
========================================================================
Received Import Request.
  Time since last request: 33.045732 seconds.
  path: Assets/PolyAngel-Mini Pirates Island/Prefabs/Barrals.prefab
  artifactKey: Guid(cea215a552e8b4098b10e7502f1e1701) Importer(815301076,1909f56bfc062723c751e8b465ee728b)
Start importing Assets/PolyAngel-Mini Pirates Island/Prefabs/Barrals.prefab using Guid(cea215a552e8b4098b10e7502f1e1701) Importer(815301076,1909f56bfc062723c751e8b465ee728b)  -> (artifact id: 'e74bef653df2fb36c407261b187d60f8') in 0.024543 seconds
Number of updated asset objects reloaded before import = 0
Number of asset objects unloaded after import = 9
========================================================================
Received Import Request.
  Time since last request: 0.000032 seconds.
  path: Assets/PolyAngel-Mini Pirates Island/Prefabs/Ship(Blue)01.prefab
  artifactKey: Guid(5179fd597ba994f25944443e397b7357) Importer(815301076,1909f56bfc062723c751e8b465ee728b)
Start importing Assets/PolyAngel-Mini Pirates Island/Prefabs/Ship(Blue)01.prefab using Guid(5179fd597ba994f25944443e397b7357) Importer(815301076,1909f56bfc062723c751e8b465ee728b)  -> (artifact id: '0dd3bcbc056d9748a159af48ccba6ec3') in 0.030382 seconds
Number of updated asset objects reloaded before import = 0
Number of asset objects unloaded after import = 9
========================================================================
Received Import Request.
  Time since last request: 0.000023 seconds.
  path: Assets/PolyAngel-Mini Pirates Island/Prefabs/Ship(Whiite)03.prefab
  artifactKey: Guid(24c84ab79f65b4a1f84f7a6c81304816) Importer(815301076,1909f56bfc062723c751e8b465ee728b)
Start importing Assets/PolyAngel-Mini Pirates Island/Prefabs/Ship(Whiite)03.prefab using Guid(24c84ab79f65b4a1f84f7a6c81304816) Importer(815301076,1909f56bfc062723c751e8b465ee728b)  -> (artifact id: '8df9dfaae3a7abdd3dc05df43ccd4159') in 0.019310 seconds
Number of updated asset objects reloaded before import = 0
Number of asset objects unloaded after import = 9
========================================================================
Received Import Request.
  Time since last request: 0.000061 seconds.
  path: Assets/PolyAngel-Mini Pirates Island/Prefabs/Plam Tree01.prefab
  artifactKey: Guid(e2346c1679fff42b89171240bc31918b) Importer(815301076,1909f56bfc062723c751e8b465ee728b)
Start importing Assets/PolyAngel-Mini Pirates Island/Prefabs/Plam Tree01.prefab using Guid(e2346c1679fff42b89171240bc31918b) Importer(815301076,1909f56bfc062723c751e8b465ee728b)  -> (artifact id: 'aac28fa3e8167777c191face601462a0') in 0.017620 seconds
Number of updated asset objects reloaded before import = 0
Number of asset objects unloaded after import = 9
========================================================================
Received Import Request.
  Time since last request: 0.000031 seconds.
  path: Assets/PolyAngel-Mini Pirates Island/Prefabs/Ship(Black)02.prefab
  artifactKey: Guid(04b02631dc5604aaa875821f7d6393bd) Importer(815301076,1909f56bfc062723c751e8b465ee728b)
Start importing Assets/PolyAngel-Mini Pirates Island/Prefabs/Ship(Black)02.prefab using Guid(04b02631dc5604aaa875821f7d6393bd) Importer(815301076,1909f56bfc062723c751e8b465ee728b)  -> (artifact id: '694d45d2565b4f22bfc1f72cfc563366') in 0.021741 seconds
Number of updated asset objects reloaded before import = 0
Number of asset objects unloaded after import = 9
========================================================================
Received Prepare
Begin MonoManager ReloadAssembly
- Loaded All Assemblies, in  0.563 seconds
Refreshing native plugins compatible for Editor in 3.68 ms, found 3 plugins.
Native extension for UWP target not found
Native extension for WindowsStandalone target not found
Native extension for WebGL target not found
[Package Manager] Server::EnsureServerProcessIsRunning -- launch failed, reason: Unity was launched with the -noUpm command-line argument
[Package Manager] UpmClient::Send -- Unable to send message (not connected to UPM process).
[Package Manager] Cannot connect to Unity Package Manager local server
Mono: successfully reloaded assembly
- Finished resetting the current domain, in  1.539 seconds
Domain Reload Profiling: 2099ms
	BeginReloadAssembly (195ms)
		ExecutionOrderSort (0ms)
		DisableScriptedObjects (8ms)
		BackupInstance (0ms)
		ReleaseScriptingObjects (0ms)
		CreateAndSetChildDomain (43ms)
	RebuildCommonClasses (49ms)
	RebuildNativeTypeToScriptingClass (17ms)
	initialDomainReloadingComplete (38ms)
	LoadAllAssembliesAndSetupDomain (260ms)
		LoadAssemblies (353ms)
		RebuildTransferFunctionScriptingTraits (0ms)
		AnalyzeDomain (13ms)
			TypeCache.Refresh (7ms)
				TypeCache.ScanAssembly (0ms)
			ScanForSourceGeneratedMonoScriptInfo (0ms)
			ResolveRequiredComponents (5ms)
	FinalizeReload (1540ms)
		ReleaseScriptCaches (0ms)
		RebuildScriptCaches (0ms)
		SetupLoadedEditorAssemblies (851ms)
			LogAssemblyErrors (0ms)
			InitializePlatformSupportModulesInManaged (15ms)
			SetLoadedEditorAssemblies (5ms)
			RefreshPlugins (0ms)
			BeforeProcessingInitializeOnLoad (89ms)
			ProcessInitializeOnLoadAttributes (700ms)
			ProcessInitializeOnLoadMethodAttributes (30ms)
			AfterProcessingInitializeOnLoad (11ms)
			EditorAssembliesLoaded (0ms)
		ExecutionOrderSort2 (0ms)
		AwakeInstancesAfterBackupRestoration (11ms)
Refreshing native plugins compatible for Editor in 5.04 ms, found 3 plugins.
Preloading 0 native plugins for Editor in 0.00 ms.
Unloading 3103 Unused Serialized files (Serialized files now loaded: 0)
Unloading 22 unused Assets / (30.2 KB). Loaded Objects now: 3589.
Memory consumption went from 128.8 MB to 128.8 MB.
Total: 4.355500 ms (FindLiveObjects: 0.377800 ms CreateObjectMapping: 0.137200 ms MarkObjects: 3.763400 ms  DeleteObjects: 0.075200 ms)

Prepare: number of updated asset objects reloaded= 0
AssetImportParameters requested are different than current active one (requested -> active):
  custom:container-demuxer-ogg: 62fdf1f143b41e24485cea50d1cbac27 -> 
  custom:video-codec-MediaFoundation-h265: e54d7ab0439102e2317fc1e4b246158d -> 
  custom:video-decoder-ogg-theora: a1e56fd34408186e4bbccfd4996cb3dc -> 
  custom:framework-win-MediaFoundation: 216162199b28c13a410421893ffa2e32 -> 
  custom:CustomObjectIndexerAttribute: 6d391050e5a25f67b0a2c618074f2cd9 -> 
  custom:container-demuxer-webm: 4f35f7cbe854078d1ac9338744f61a02 -> 
  custom:container-muxer-webm: aa71ff27fc2769a1b78a27578f13a17b -> 
  custom:video-decoder-webm-vp8: 9c59270c3fd7afecdb556c50c9e8de78 -> 
  custom:SearchIndexIgnoredProperties: e643bd26f0fe6173181afceb89e7c659 -> 
  custom:AudioImporter_EditorPlatform: d09bf68614088b80899f8185d706f6e7 -> 
  custom:video-encoder-webm-vp8: eb34c28f22e8b96e1ab97ce403110664 -> 
  custom:audio-decoder-ogg-vorbis: bf7c407c2cedff20999df2af8eb42d56 -> 
  custom:audio-encoder-webm-vorbis: bf7c407c2cedff20999df2af8eb42d56 -> 
Editor requested this worker to shutdown with reason: Scaling down because of idle timeout
TcpMessagingSession - receive error: operation aborted. errorcode: 995, details: The I/O operation has been aborted because of either a thread exit or an application request.
AssetImportWorker is now disconnected from the server
Process exiting
Exiting without the bug reporter. Application will terminate with return code 0